This is pdfTeX, Version 3.141592653-2.6-1.40.26 (MiKTeX 24.4) (preloaded format=pdflatex 2024.12.4)  13 JAN 2025 20:32
entering extended mode
 restricted \write18 enabled.
 file:line:error style messages enabled.
 %&-line parsing enabled.
**"c:/Users/User/Desktop/Studienarbeit Assistenzsysteme/main.tex"
(c:/Users/User/Desktop/Studienarbeit Assistenzsysteme/main.tex
LaTeX2e <2024-11-01>
L3 programming layer <2024-11-02>
(C:\Users\User\AppData\Local\Programs\MiKTeX\tex/latex/base\article.cls
Document Class: article 2024/06/29 v1.4n Standard LaTeX document class
(C:\Users\User\AppData\Local\Programs\MiKTeX\tex/latex/base\size12.clo
File: size12.clo 2024/06/29 v1.4n Standard LaTeX file (size option)
)
\c@part=\count196
\c@section=\count197
\c@subsection=\count198
\c@subsubsection=\count199
\c@paragraph=\count266
\c@subparagraph=\count267
\c@figure=\count268
\c@table=\count269
\abovecaptionskip=\skip49
\belowcaptionskip=\skip50
\bibindent=\dimen141
) (C:\Users\User\AppData\Local\Programs\MiKTeX\tex/latex/base\inputenc.sty
Package: inputenc 2024/02/08 v1.3d Input encoding file
\inpenc@prehook=\toks17
\inpenc@posthook=\toks18
) (C:\Users\User\AppData\Local\Programs\MiKTeX\tex/generic/babel\babel.sty
Package: babel 2024/11/08 v24.13 The multilingual framework for pdfLaTeX, LuaLaTeX and XeLaTeX
\babel@savecnt=\count270
\U@D=\dimen142
\l@unhyphenated=\language79
 (C:\Users\User\AppData\Local\Programs\MiKTeX\tex/generic/babel\txtbabel.def)
\bbl@readstream=\read2
\bbl@dirlevel=\count271

*************************************
* Local config file bblopts.cfg used
*
(C:\Users\User\AppData\Local\Programs\MiKTeX\tex/latex/arabi\bblopts.cfg
File: bblopts.cfg 2005/09/08 v0.1 add Arabic and Farsi to "declared" options of babel
) (C:\Users\User\AppData\Local\Programs\MiKTeX\tex/latex/babel-german\ngerman.ldf
Language: ngerman 2024/01/19 v2.14 German support for babel (post-1996 orthography)
 (C:\Users\User\AppData\Local\Programs\MiKTeX\tex/latex/babel-german\ngermanb.ldf
Language: ngermanb 2024/01/19 v2.14 German support for babel (post-1996 orthography)
Package babel Info: Making " an active character on input line 122.
))) (C:\Users\User\AppData\Local\Programs\MiKTeX\tex/generic/babel/locale/de\babel-ngerman.tex
Package babel Info: Importing font and identification data for ngerman
(babel)             from babel-de.ini. Reported on input line 11.
) (C:\Users\User\AppData\Local\Programs\MiKTeX\tex/latex/csquotes\csquotes.sty
Package: csquotes 2024-04-04 v5.2o context-sensitive quotations (JAW)
 (C:\Users\User\AppData\Local\Programs\MiKTeX\tex/latex/etoolbox\etoolbox.sty
Package: etoolbox 2020/10/05 v2.5k e-TeX tools for LaTeX (JAW)
\etb@tempcnta=\count272
) (C:\Users\User\AppData\Local\Programs\MiKTeX\tex/latex/graphics\keyval.sty
Package: keyval 2022/05/29 v1.15 key=value parser (DPC)
\KV@toks@=\toks19
)
\csq@reset=\count273
\csq@gtype=\count274
\csq@glevel=\count275
\csq@qlevel=\count276
\csq@maxlvl=\count277
\csq@tshold=\count278
\csq@ltx@everypar=\toks20
 (C:\Users\User\AppData\Local\Programs\MiKTeX\tex/latex/csquotes\csquotes.def
File: csquotes.def 2024-04-04 v5.2o csquotes generic definitions (JAW)
)
Package csquotes Info: Trying to load configuration file 'csquotes.cfg'...
Package csquotes Info: ... configuration file loaded successfully.
 (C:\Users\User\AppData\Local\Programs\MiKTeX\tex/latex/csquotes\csquotes.cfg
File: csquotes.cfg 
)) (C:\Users\User\AppData\Local\Programs\MiKTeX\tex/latex/listings\listings.sty
\lst@mode=\count279
\lst@gtempboxa=\box52
\lst@token=\toks21
\lst@length=\count280
\lst@currlwidth=\dimen143
\lst@column=\count281
\lst@pos=\count282
\lst@lostspace=\dimen144
\lst@width=\dimen145
\lst@newlines=\count283
\lst@lineno=\count284
\lst@maxwidth=\dimen146
 (C:\Users\User\AppData\Local\Programs\MiKTeX\tex/latex/listings\lstpatch.sty
File: lstpatch.sty 2024/09/23 1.10c (Carsten Heinz)
) (C:\Users\User\AppData\Local\Programs\MiKTeX\tex/latex/listings\lstmisc.sty
File: lstmisc.sty 2024/09/23 1.10c (Carsten Heinz)
\c@lstnumber=\count285
\lst@skipnumbers=\count286
\lst@framebox=\box53
) (C:\Users\User\AppData\Local\Programs\MiKTeX\tex/latex/listings\listings.cfg
File: listings.cfg 2024/09/23 1.10c listings configuration
))
Package: listings 2024/09/23 1.10c (Carsten Heinz)
 (C:\Users\User\AppData\Local\Programs\MiKTeX\tex/latex/xcolor\xcolor.sty
Package: xcolor 2024/09/29 v3.02 LaTeX color extensions (UK)
 (C:\Users\User\AppData\Local\Programs\MiKTeX\tex/latex/graphics-cfg\color.cfg
File: color.cfg 2016/01/02 v1.6 sample color configuration
)
Package xcolor Info: Driver file: pdftex.def on input line 274.
 (C:\Users\User\AppData\Local\Programs\MiKTeX\tex/latex/graphics-def\pdftex.def
File: pdftex.def 2024/04/13 v1.2c Graphics/color driver for pdftex
) (C:\Users\User\AppData\Local\Programs\MiKTeX\tex/latex/graphics\mathcolor.ltx)
Package xcolor Info: Model `cmy' substituted by `cmy0' on input line 1349.
Package xcolor Info: Model `hsb' substituted by `rgb' on input line 1353.
Package xcolor Info: Model `RGB' extended on input line 1365.
Package xcolor Info: Model `HTML' substituted by `rgb' on input line 1367.
Package xcolor Info: Model `Hsb' substituted by `hsb' on input line 1368.
Package xcolor Info: Model `tHsb' substituted by `hsb' on input line 1369.
Package xcolor Info: Model `HSB' substituted by `hsb' on input line 1370.
Package xcolor Info: Model `Gray' substituted by `gray' on input line 1371.
Package xcolor Info: Model `wave' substituted by `hsb' on input line 1372.
) (C:\Users\User\AppData\Local\Programs\MiKTeX\tex/latex/graphics\graphicx.sty
Package: graphicx 2021/09/16 v1.2d Enhanced LaTeX Graphics (DPC,SPQR)
 (C:\Users\User\AppData\Local\Programs\MiKTeX\tex/latex/graphics\graphics.sty
Package: graphics 2024/08/06 v1.4g Standard LaTeX Graphics (DPC,SPQR)
 (C:\Users\User\AppData\Local\Programs\MiKTeX\tex/latex/graphics\trig.sty
Package: trig 2023/12/02 v1.11 sin cos tan (DPC)
) (C:\Users\User\AppData\Local\Programs\MiKTeX\tex/latex/graphics-cfg\graphics.cfg
File: graphics.cfg 2016/06/04 v1.11 sample graphics configuration
)
Package graphics Info: Driver file: pdftex.def on input line 106.
)
\Gin@req@height=\dimen147
\Gin@req@width=\dimen148
) (C:\Users\User\AppData\Local\Programs\MiKTeX\tex/latex/pdfpages\pdfpages.sty
Package: pdfpages 2024/10/28 v0.6c Insert pages of external PDF documents (AM)
 (C:\Users\User\AppData\Local\Programs\MiKTeX\tex/latex/base\ifthen.sty
Package: ifthen 2024/03/16 v1.1e Standard LaTeX ifthen package (DPC)
) (C:\Users\User\AppData\Local\Programs\MiKTeX\tex/latex/tools\calc.sty
Package: calc 2023/07/08 v4.3 Infix arithmetic (KKT,FJ)
\calc@Acount=\count287
\calc@Bcount=\count288
\calc@Adimen=\dimen149
\calc@Bdimen=\dimen150
\calc@Askip=\skip51
\calc@Bskip=\skip52
LaTeX Info: Redefining \setlength on input line 80.
LaTeX Info: Redefining \addtolength on input line 81.
\calc@Ccount=\count289
\calc@Cskip=\skip53
) (C:\Users\User\AppData\Local\Programs\MiKTeX\tex/latex/eso-pic\eso-pic.sty
Package: eso-pic 2023/05/03 v3.0c eso-pic (RN)
\ESO@tempdima=\dimen151
\ESO@tempdimb=\dimen152
)
\AM@pagewidth=\dimen153
\AM@pageheight=\dimen154
\AM@fboxrule=\dimen155
 (C:\Users\User\AppData\Local\Programs\MiKTeX\tex/latex/pdfpages\pppdftex.def
File: pppdftex.def 2024/10/28 v0.6c Pdfpages driver for pdfTeX (AM)
)
\pdfpages@includegraphics@status=\count290
\AM@pagebox=\box54
\AM@global@opts=\toks22
\AM@pagecnt=\count291
\AM@toc@title=\toks23
\AM@lof@heading=\toks24
\c@AM@survey=\count292
\AM@templatesizebox=\box55
) (C:\Users\User\AppData\Local\Programs\MiKTeX\tex/latex/caption\caption.sty
Package: caption 2023/08/05 v3.6o Customizing captions (AR)
 (C:\Users\User\AppData\Local\Programs\MiKTeX\tex/latex/caption\caption3.sty
Package: caption3 2023/07/31 v2.4d caption3 kernel (AR)
\caption@tempdima=\dimen156
\captionmargin=\dimen157
\caption@leftmargin=\dimen158
\caption@rightmargin=\dimen159
\caption@width=\dimen160
\caption@indent=\dimen161
\caption@parindent=\dimen162
\caption@hangindent=\dimen163
Package caption Info: Standard document class detected.
)
\c@caption@flags=\count293
\c@continuedfloat=\count294
Package caption Info: listings package is loaded.
) (C:\Users\User\AppData\Local\Programs\MiKTeX\tex/latex/caption\subcaption.sty
Package: subcaption 2023/07/28 v1.6b Sub-captions (AR)
Package caption Info: New subtype `subfigure' on input line 238.
\c@subfigure=\count295
Package caption Info: New subtype `subtable' on input line 238.
\c@subtable=\count296
) (C:\Users\User\AppData\Local\Programs\MiKTeX\tex/latex/listings\lstlang1.sty
File: lstlang1.sty 2024/09/23 1.10c listings language file
) (C:\Users\User\AppData\Local\Programs\MiKTeX\tex/latex/siunitx\siunitx.sty
Package: siunitx 2024-12-06 v3.4.0 A comprehensive (SI) units package
\l__siunitx_number_uncert_offset_int=\count297
\l__siunitx_number_exponent_fixed_int=\count298
\l__siunitx_number_min_decimal_int=\count299
\l__siunitx_number_min_integer_int=\count300
\l__siunitx_number_round_precision_int=\count301
\l__siunitx_number_lower_threshold_int=\count302
\l__siunitx_number_upper_threshold_int=\count303
\l__siunitx_number_group_first_int=\count304
\l__siunitx_number_group_size_int=\count305
\l__siunitx_number_group_minimum_int=\count306
\l__siunitx_angle_tmp_dim=\dimen164
\l__siunitx_angle_marker_box=\box56
\l__siunitx_angle_unit_box=\box57
\l__siunitx_compound_count_int=\count307
 (C:\Users\User\AppData\Local\Programs\MiKTeX\tex/latex/translations\translations.sty
Package: translations 2022/02/05 v1.12 internationalization of LaTeX2e packages (CN)
 (C:\Users\User\AppData\Local\Programs\MiKTeX\tex/generic/pdftexcmds\pdftexcmds.sty
Package: pdftexcmds 2020-06-27 v0.33 Utility functions of pdfTeX for LuaTeX (HO)
 (C:\Users\User\AppData\Local\Programs\MiKTeX\tex/generic/infwarerr\infwarerr.sty
Package: infwarerr 2019/12/03 v1.5 Providing info/warning/error messages (HO)
) (C:\Users\User\AppData\Local\Programs\MiKTeX\tex/generic/iftex\iftex.sty
Package: iftex 2022/02/03 v1.0f TeX engine tests
) (C:\Users\User\AppData\Local\Programs\MiKTeX\tex/generic/ltxcmds\ltxcmds.sty
Package: ltxcmds 2023-12-04 v1.26 LaTeX kernel commands for general use (HO)
)
Package pdftexcmds Info: \pdf@primitive is available.
Package pdftexcmds Info: \pdf@ifprimitive is available.
Package pdftexcmds Info: \pdfdraftmode found.
)) (C:\Users\User\AppData\Local\Programs\MiKTeX\tex/latex/amsmath\amstext.sty
Package: amstext 2021/08/26 v2.01 AMS text
 (C:\Users\User\AppData\Local\Programs\MiKTeX\tex/latex/amsmath\amsgen.sty
File: amsgen.sty 1999/11/30 v2.0 generic functions
\@emptytoks=\toks25
\ex@=\dimen165
))
\l__siunitx_table_tmp_box=\box58
\l__siunitx_table_tmp_dim=\dimen166
\l__siunitx_table_column_width_dim=\dimen167
\l__siunitx_table_integer_box=\box59
\l__siunitx_table_decimal_box=\box60
\l__siunitx_table_uncert_box=\box61
\l__siunitx_table_before_box=\box62
\l__siunitx_table_after_box=\box63
\l__siunitx_table_before_dim=\dimen168
\l__siunitx_table_carry_dim=\dimen169
\l__siunitx_unit_tmp_int=\count308
\l__siunitx_unit_position_int=\count309
\l__siunitx_unit_total_int=\count310
 (C:\Users\User\AppData\Local\Programs\MiKTeX\tex/latex/tools\array.sty
Package: array 2024/10/17 v2.6g Tabular extension package (FMi)
\col@sep=\dimen170
\ar@mcellbox=\box64
\extrarowheight=\dimen171
\NC@list=\toks26
\extratabsurround=\skip54
\backup@length=\skip55
\ar@cellbox=\box65
)) (C:\Users\User\AppData\Local\Programs\MiKTeX\tex/latex/setspace\setspace.sty
Package: setspace 2022/12/04 v6.7b set line spacing
) (C:\Users\User\AppData\Local\Programs\MiKTeX\tex/latex/textgreek\textgreek.sty
Package: textgreek 2011/10/09 v0.7 Greek symbols in text
Package textgreek Info: Loading the definitions for the Greek fontencoding. on input line 39.
 (C:\Users\User\AppData\Local\Programs\MiKTeX\tex/latex/greek-fontenc\lgrenc.def
File: lgrenc.def 2023-09-12 2.5 LGR Greek font encoding definitions
Now handling font encoding LGR ...
... processing UTF-8 mapping file for font encoding LGR
 (C:\Users\User\AppData\Local\Programs\MiKTeX\tex/latex/greek-inputenc\lgrenc.dfu
File: lgrenc.dfu 2023-03-21 1.9 UTF-8 support for Greek
   defining Unicode char U+00A8 (decimal 168)
   defining Unicode char U+00AB (decimal 171)
   defining Unicode char U+00AF (decimal 175)
   defining Unicode char U+00B4 (decimal 180)
   defining Unicode char U+00B7 (decimal 183)
   defining Unicode char U+00BB (decimal 187)
   defining Unicode char U+0259 (decimal 601)
   defining Unicode char U+02D8 (decimal 728)
   defining Unicode char U+0374 (decimal 884)
   defining Unicode char U+0375 (decimal 885)
   defining Unicode char U+037A (decimal 890)
   defining Unicode char U+037E (decimal 894)
   defining Unicode char U+0384 (decimal 900)
   defining Unicode char U+0385 (decimal 901)
   defining Unicode char U+0386 (decimal 902)
   defining Unicode char U+0387 (decimal 903)
   defining Unicode char U+0388 (decimal 904)
   defining Unicode char U+0389 (decimal 905)
   defining Unicode char U+038A (decimal 906)
   defining Unicode char U+038C (decimal 908)
   defining Unicode char U+038E (decimal 910)
   defining Unicode char U+038F (decimal 911)
   defining Unicode char U+0390 (decimal 912)
   defining Unicode char U+0391 (decimal 913)
   defining Unicode char U+0392 (decimal 914)
   defining Unicode char U+0393 (decimal 915)
   defining Unicode char U+0394 (decimal 916)
   defining Unicode char U+0395 (decimal 917)
   defining Unicode char U+0396 (decimal 918)
   defining Unicode char U+0397 (decimal 919)
   defining Unicode char U+0398 (decimal 920)
   defining Unicode char U+0399 (decimal 921)
   defining Unicode char U+039A (decimal 922)
   defining Unicode char U+039B (decimal 923)
   defining Unicode char U+039C (decimal 924)
   defining Unicode char U+039D (decimal 925)
   defining Unicode char U+039E (decimal 926)
   defining Unicode char U+039F (decimal 927)
   defining Unicode char U+03A0 (decimal 928)
   defining Unicode char U+03A1 (decimal 929)
   defining Unicode char U+03A3 (decimal 931)
   defining Unicode char U+03A4 (decimal 932)
   defining Unicode char U+03A5 (decimal 933)
   defining Unicode char U+03A6 (decimal 934)
   defining Unicode char U+03A7 (decimal 935)
   defining Unicode char U+03A8 (decimal 936)
   defining Unicode char U+03A9 (decimal 937)
   defining Unicode char U+03AA (decimal 938)
   defining Unicode char U+03AB (decimal 939)
   defining Unicode char U+03AC (decimal 940)
   defining Unicode char U+03AD (decimal 941)
   defining Unicode char U+03AE (decimal 942)
   defining Unicode char U+03AF (decimal 943)
   defining Unicode char U+03B0 (decimal 944)
   defining Unicode char U+03B1 (decimal 945)
   defining Unicode char U+03B2 (decimal 946)
   defining Unicode char U+03B3 (decimal 947)
   defining Unicode char U+03B4 (decimal 948)
   defining Unicode char U+03B5 (decimal 949)
   defining Unicode char U+03B6 (decimal 950)
   defining Unicode char U+03B7 (decimal 951)
   defining Unicode char U+03B8 (decimal 952)
   defining Unicode char U+03B9 (decimal 953)
   defining Unicode char U+03BA (decimal 954)
   defining Unicode char U+03BB (decimal 955)
   defining Unicode char U+03BC (decimal 956)
   defining Unicode char U+03BD (decimal 957)
   defining Unicode char U+03BE (decimal 958)
   defining Unicode char U+03BF (decimal 959)
   defining Unicode char U+03C0 (decimal 960)
   defining Unicode char U+03C1 (decimal 961)
   defining Unicode char U+03C2 (decimal 962)
   defining Unicode char U+03C3 (decimal 963)
   defining Unicode char U+03C4 (decimal 964)
   defining Unicode char U+03C5 (decimal 965)
   defining Unicode char U+03C6 (decimal 966)
   defining Unicode char U+03C7 (decimal 967)
   defining Unicode char U+03C8 (decimal 968)
   defining Unicode char U+03C9 (decimal 969)
   defining Unicode char U+03CA (decimal 970)
   defining Unicode char U+03CB (decimal 971)
   defining Unicode char U+03CC (decimal 972)
   defining Unicode char U+03CD (decimal 973)
   defining Unicode char U+03CE (decimal 974)
   defining Unicode char U+03D0 (decimal 976)
   defining Unicode char U+03D1 (decimal 977)
   defining Unicode char U+03D5 (decimal 981)
   defining Unicode char U+03D6 (decimal 982)
   defining Unicode char U+03D8 (decimal 984)
   defining Unicode char U+03D9 (decimal 985)
   defining Unicode char U+03DA (decimal 986)
   defining Unicode char U+03DB (decimal 987)
   defining Unicode char U+03DC (decimal 988)
   defining Unicode char U+03DD (decimal 989)
   defining Unicode char U+03DE (decimal 990)
   defining Unicode char U+03DF (decimal 991)
   defining Unicode char U+03E0 (decimal 992)
   defining Unicode char U+03E1 (decimal 993)
   defining Unicode char U+03F0 (decimal 1008)
   defining Unicode char U+03F1 (decimal 1009)
   defining Unicode char U+03F4 (decimal 1012)
   defining Unicode char U+03F5 (decimal 1013)
   defining Unicode char U+1F00 (decimal 7936)
   defining Unicode char U+1F01 (decimal 7937)
   defining Unicode char U+1F02 (decimal 7938)
   defining Unicode char U+1F03 (decimal 7939)
   defining Unicode char U+1F04 (decimal 7940)
   defining Unicode char U+1F05 (decimal 7941)
   defining Unicode char U+1F06 (decimal 7942)
   defining Unicode char U+1F07 (decimal 7943)
   defining Unicode char U+1F08 (decimal 7944)
   defining Unicode char U+1F09 (decimal 7945)
   defining Unicode char U+1F0A (decimal 7946)
   defining Unicode char U+1F0B (decimal 7947)
   defining Unicode char U+1F0C (decimal 7948)
   defining Unicode char U+1F0D (decimal 7949)
   defining Unicode char U+1F0E (decimal 7950)
   defining Unicode char U+1F0F (decimal 7951)
   defining Unicode char U+1F10 (decimal 7952)
   defining Unicode char U+1F11 (decimal 7953)
   defining Unicode char U+1F12 (decimal 7954)
   defining Unicode char U+1F13 (decimal 7955)
   defining Unicode char U+1F14 (decimal 7956)
   defining Unicode char U+1F15 (decimal 7957)
   defining Unicode char U+1F18 (decimal 7960)
   defining Unicode char U+1F19 (decimal 7961)
   defining Unicode char U+1F1A (decimal 7962)
   defining Unicode char U+1F1B (decimal 7963)
   defining Unicode char U+1F1C (decimal 7964)
   defining Unicode char U+1F1D (decimal 7965)
   defining Unicode char U+1F20 (decimal 7968)
   defining Unicode char U+1F21 (decimal 7969)
   defining Unicode char U+1F22 (decimal 7970)
   defining Unicode char U+1F23 (decimal 7971)
   defining Unicode char U+1F24 (decimal 7972)
   defining Unicode char U+1F25 (decimal 7973)
   defining Unicode char U+1F26 (decimal 7974)
   defining Unicode char U+1F27 (decimal 7975)
   defining Unicode char U+1F28 (decimal 7976)
   defining Unicode char U+1F29 (decimal 7977)
   defining Unicode char U+1F2A (decimal 7978)
   defining Unicode char U+1F2B (decimal 7979)
   defining Unicode char U+1F2C (decimal 7980)
   defining Unicode char U+1F2D (decimal 7981)
   defining Unicode char U+1F2E (decimal 7982)
   defining Unicode char U+1F2F (decimal 7983)
   defining Unicode char U+1F30 (decimal 7984)
   defining Unicode char U+1F31 (decimal 7985)
   defining Unicode char U+1F32 (decimal 7986)
   defining Unicode char U+1F33 (decimal 7987)
   defining Unicode char U+1F34 (decimal 7988)
   defining Unicode char U+1F35 (decimal 7989)
   defining Unicode char U+1F36 (decimal 7990)
   defining Unicode char U+1F37 (decimal 7991)
   defining Unicode char U+1F38 (decimal 7992)
   defining Unicode char U+1F39 (decimal 7993)
   defining Unicode char U+1F3A (decimal 7994)
   defining Unicode char U+1F3B (decimal 7995)
   defining Unicode char U+1F3C (decimal 7996)
   defining Unicode char U+1F3D (decimal 7997)
   defining Unicode char U+1F3E (decimal 7998)
   defining Unicode char U+1F3F (decimal 7999)
   defining Unicode char U+1F40 (decimal 8000)
   defining Unicode char U+1F41 (decimal 8001)
   defining Unicode char U+1F42 (decimal 8002)
   defining Unicode char U+1F43 (decimal 8003)
   defining Unicode char U+1F44 (decimal 8004)
   defining Unicode char U+1F45 (decimal 8005)
   defining Unicode char U+1F48 (decimal 8008)
   defining Unicode char U+1F49 (decimal 8009)
   defining Unicode char U+1F4A (decimal 8010)
   defining Unicode char U+1F4B (decimal 8011)
   defining Unicode char U+1F4C (decimal 8012)
   defining Unicode char U+1F4D (decimal 8013)
   defining Unicode char U+1F50 (decimal 8016)
   defining Unicode char U+1F51 (decimal 8017)
   defining Unicode char U+1F52 (decimal 8018)
   defining Unicode char U+1F53 (decimal 8019)
   defining Unicode char U+1F54 (decimal 8020)
   defining Unicode char U+1F55 (decimal 8021)
   defining Unicode char U+1F56 (decimal 8022)
   defining Unicode char U+1F57 (decimal 8023)
   defining Unicode char U+1F59 (decimal 8025)
   defining Unicode char U+1F5B (decimal 8027)
   defining Unicode char U+1F5D (decimal 8029)
   defining Unicode char U+1F5F (decimal 8031)
   defining Unicode char U+1F60 (decimal 8032)
   defining Unicode char U+1F61 (decimal 8033)
   defining Unicode char U+1F62 (decimal 8034)
   defining Unicode char U+1F63 (decimal 8035)
   defining Unicode char U+1F64 (decimal 8036)
   defining Unicode char U+1F65 (decimal 8037)
   defining Unicode char U+1F66 (decimal 8038)
   defining Unicode char U+1F67 (decimal 8039)
   defining Unicode char U+1F68 (decimal 8040)
   defining Unicode char U+1F69 (decimal 8041)
   defining Unicode char U+1F6A (decimal 8042)
   defining Unicode char U+1F6B (decimal 8043)
   defining Unicode char U+1F6C (decimal 8044)
   defining Unicode char U+1F6D (decimal 8045)
   defining Unicode char U+1F6E (decimal 8046)
   defining Unicode char U+1F6F (decimal 8047)
   defining Unicode char U+1F70 (decimal 8048)
   defining Unicode char U+1F71 (decimal 8049)
   defining Unicode char U+1F72 (decimal 8050)
   defining Unicode char U+1F73 (decimal 8051)
   defining Unicode char U+1F74 (decimal 8052)
   defining Unicode char U+1F75 (decimal 8053)
   defining Unicode char U+1F76 (decimal 8054)
   defining Unicode char U+1F77 (decimal 8055)
   defining Unicode char U+1F78 (decimal 8056)
   defining Unicode char U+1F79 (decimal 8057)
   defining Unicode char U+1F7A (decimal 8058)
   defining Unicode char U+1F7B (decimal 8059)
   defining Unicode char U+1F7C (decimal 8060)
   defining Unicode char U+1F7D (decimal 8061)
   defining Unicode char U+1F80 (decimal 8064)
   defining Unicode char U+1F81 (decimal 8065)
   defining Unicode char U+1F82 (decimal 8066)
   defining Unicode char U+1F83 (decimal 8067)
   defining Unicode char U+1F84 (decimal 8068)
   defining Unicode char U+1F85 (decimal 8069)
   defining Unicode char U+1F86 (decimal 8070)
   defining Unicode char U+1F87 (decimal 8071)
   defining Unicode char U+1F88 (decimal 8072)
   defining Unicode char U+1F89 (decimal 8073)
   defining Unicode char U+1F8A (decimal 8074)
   defining Unicode char U+1F8B (decimal 8075)
   defining Unicode char U+1F8C (decimal 8076)
   defining Unicode char U+1F8D (decimal 8077)
   defining Unicode char U+1F8E (decimal 8078)
   defining Unicode char U+1F8F (decimal 8079)
   defining Unicode char U+1F90 (decimal 8080)
   defining Unicode char U+1F91 (decimal 8081)
   defining Unicode char U+1F92 (decimal 8082)
   defining Unicode char U+1F93 (decimal 8083)
   defining Unicode char U+1F94 (decimal 8084)
   defining Unicode char U+1F95 (decimal 8085)
   defining Unicode char U+1F96 (decimal 8086)
   defining Unicode char U+1F97 (decimal 8087)
   defining Unicode char U+1F98 (decimal 8088)
   defining Unicode char U+1F99 (decimal 8089)
   defining Unicode char U+1F9A (decimal 8090)
   defining Unicode char U+1F9B (decimal 8091)
   defining Unicode char U+1F9C (decimal 8092)
   defining Unicode char U+1F9D (decimal 8093)
   defining Unicode char U+1F9E (decimal 8094)
   defining Unicode char U+1F9F (decimal 8095)
   defining Unicode char U+1FA0 (decimal 8096)
   defining Unicode char U+1FA1 (decimal 8097)
   defining Unicode char U+1FA2 (decimal 8098)
   defining Unicode char U+1FA3 (decimal 8099)
   defining Unicode char U+1FA4 (decimal 8100)
   defining Unicode char U+1FA5 (decimal 8101)
   defining Unicode char U+1FA6 (decimal 8102)
   defining Unicode char U+1FA7 (decimal 8103)
   defining Unicode char U+1FA8 (decimal 8104)
   defining Unicode char U+1FA9 (decimal 8105)
   defining Unicode char U+1FAA (decimal 8106)
   defining Unicode char U+1FAB (decimal 8107)
   defining Unicode char U+1FAC (decimal 8108)
   defining Unicode char U+1FAD (decimal 8109)
   defining Unicode char U+1FAE (decimal 8110)
   defining Unicode char U+1FAF (decimal 8111)
   defining Unicode char U+1FB0 (decimal 8112)
   defining Unicode char U+1FB1 (decimal 8113)
   defining Unicode char U+1FB2 (decimal 8114)
   defining Unicode char U+1FB3 (decimal 8115)
   defining Unicode char U+1FB4 (decimal 8116)
   defining Unicode char U+1FB6 (decimal 8118)
   defining Unicode char U+1FB7 (decimal 8119)
   defining Unicode char U+1FB8 (decimal 8120)
   defining Unicode char U+1FB9 (decimal 8121)
   defining Unicode char U+1FBA (decimal 8122)
   defining Unicode char U+1FBB (decimal 8123)
   defining Unicode char U+1FBC (decimal 8124)
   defining Unicode char U+1FBD (decimal 8125)
   defining Unicode char U+1FBE (decimal 8126)
   defining Unicode char U+1FBF (decimal 8127)
   defining Unicode char U+1FC0 (decimal 8128)
   defining Unicode char U+1FC1 (decimal 8129)
   defining Unicode char U+1FC2 (decimal 8130)
   defining Unicode char U+1FC3 (decimal 8131)
   defining Unicode char U+1FC4 (decimal 8132)
   defining Unicode char U+1FC6 (decimal 8134)
   defining Unicode char U+1FC7 (decimal 8135)
   defining Unicode char U+1FC8 (decimal 8136)
   defining Unicode char U+1FC9 (decimal 8137)
   defining Unicode char U+1FCA (decimal 8138)
   defining Unicode char U+1FCB (decimal 8139)
   defining Unicode char U+1FCC (decimal 8140)
   defining Unicode char U+1FCD (decimal 8141)
   defining Unicode char U+1FCE (decimal 8142)
   defining Unicode char U+1FCF (decimal 8143)
   defining Unicode char U+1FD0 (decimal 8144)
   defining Unicode char U+1FD1 (decimal 8145)
   defining Unicode char U+1FD2 (decimal 8146)
   defining Unicode char U+1FD3 (decimal 8147)
   defining Unicode char U+1FD6 (decimal 8150)
   defining Unicode char U+1FD7 (decimal 8151)
   defining Unicode char U+1FD8 (decimal 8152)
   defining Unicode char U+1FD9 (decimal 8153)
   defining Unicode char U+1FDA (decimal 8154)
   defining Unicode char U+1FDB (decimal 8155)
   defining Unicode char U+1FDD (decimal 8157)
   defining Unicode char U+1FDE (decimal 8158)
   defining Unicode char U+1FDF (decimal 8159)
   defining Unicode char U+1FE0 (decimal 8160)
   defining Unicode char U+1FE1 (decimal 8161)
   defining Unicode char U+1FE2 (decimal 8162)
   defining Unicode char U+1FE3 (decimal 8163)
   defining Unicode char U+1FE4 (decimal 8164)
   defining Unicode char U+1FE5 (decimal 8165)
   defining Unicode char U+1FE6 (decimal 8166)
   defining Unicode char U+1FE7 (decimal 8167)
   defining Unicode char U+1FE8 (decimal 8168)
   defining Unicode char U+1FE9 (decimal 8169)
   defining Unicode char U+1FEA (decimal 8170)
   defining Unicode char U+1FEB (decimal 8171)
   defining Unicode char U+1FEC (decimal 8172)
   defining Unicode char U+1FED (decimal 8173)
   defining Unicode char U+1FEE (decimal 8174)
   defining Unicode char U+1FEF (decimal 8175)
   defining Unicode char U+1FF2 (decimal 8178)
   defining Unicode char U+1FF3 (decimal 8179)
   defining Unicode char U+1FF4 (decimal 8180)
   defining Unicode char U+1FF6 (decimal 8182)
   defining Unicode char U+1FF7 (decimal 8183)
   defining Unicode char U+1FF8 (decimal 8184)
   defining Unicode char U+1FF9 (decimal 8185)
   defining Unicode char U+1FFA (decimal 8186)
   defining Unicode char U+1FFB (decimal 8187)
   defining Unicode char U+1FFC (decimal 8188)
   defining Unicode char U+1FFD (decimal 8189)
   defining Unicode char U+1FFE (decimal 8190)
   defining Unicode char U+2013 (decimal 8211)
   defining Unicode char U+2014 (decimal 8212)
   defining Unicode char U+2018 (decimal 8216)
   defining Unicode char U+2019 (decimal 8217)
   defining Unicode char U+201A (decimal 8218)
   defining Unicode char U+2030 (decimal 8240)
   defining Unicode char U+2039 (decimal 8249)
   defining Unicode char U+203A (decimal 8250)
   defining Unicode char U+20AC (decimal 8364)
   defining Unicode char U+2126 (decimal 8486)
   defining Unicode char U+10144 (decimal 65860)
   defining Unicode char U+10145 (decimal 65861)
   defining Unicode char U+10146 (decimal 65862)
   defining Unicode char U+10147 (decimal 65863)
) (C:\Users\User\AppData\Local\Programs\MiKTeX\tex/latex/greek-fontenc\greek-fontenc.def
File: greek-fontenc.def 2023-09-12 2.5 Common Greek font encoding definitions
))
Package textgreek Info: Loaded fontmap: {eur/*/*}{U/eur/*/*} {phv/*/*}{U/psy/*/*}. on input line 69.
) (C:\Users\User\AppData\Local\Programs\MiKTeX\tex/latex/float\float.sty
Package: float 2001/11/08 v1.3d Float enhancements (AL)
\c@float@type=\count311
\float@exts=\toks27
\float@box=\box66
\@float@everytoks=\toks28
\@floatcapt=\box67
) (C:\Users\User\AppData\Local\Programs\MiKTeX\tex/latex/acronym\acronym.sty
Package: acronym 2024/03/30 v1.49 Support for acronyms (Tobias Oetiker)
 (C:\Users\User\AppData\Local\Programs\MiKTeX\tex/latex/bigfoot\suffix.sty
Package: suffix 2006/07/15 1.5a Variant command support
) (C:\Users\User\AppData\Local\Programs\MiKTeX\tex/latex/xstring\xstring.sty (C:\Users\User\AppData\Local\Programs\MiKTeX\tex/generic/xstring\xstring.tex
\xs_counta=\count312
\xs_countb=\count313
)
Package: xstring 2023/08/22 v1.86 String manipulations (CT)
)
\AC@clearlist=\toks29
) (C:\Users\User\AppData\Local\Programs\MiKTeX\tex/latex/hyperref\hyperref.sty
Package: hyperref 2024-11-05 v7.01l Hypertext links for LaTeX
 (C:\Users\User\AppData\Local\Programs\MiKTeX\tex/latex/kvsetkeys\kvsetkeys.sty
Package: kvsetkeys 2022-10-05 v1.19 Key value parser (HO)
) (C:\Users\User\AppData\Local\Programs\MiKTeX\tex/generic/kvdefinekeys\kvdefinekeys.sty
Package: kvdefinekeys 2019-12-19 v1.6 Define keys (HO)
) (C:\Users\User\AppData\Local\Programs\MiKTeX\tex/generic/pdfescape\pdfescape.sty
Package: pdfescape 2019/12/09 v1.15 Implements pdfTeX's escape features (HO)
) (C:\Users\User\AppData\Local\Programs\MiKTeX\tex/latex/hycolor\hycolor.sty
Package: hycolor 2020-01-27 v1.10 Color options for hyperref/bookmark (HO)
) (C:\Users\User\AppData\Local\Programs\MiKTeX\tex/latex/hyperref\nameref.sty
Package: nameref 2023-11-26 v2.56 Cross-referencing by name of section
 (C:\Users\User\AppData\Local\Programs\MiKTeX\tex/latex/refcount\refcount.sty
Package: refcount 2019/12/15 v3.6 Data extraction from label references (HO)
) (C:\Users\User\AppData\Local\Programs\MiKTeX\tex/generic/gettitlestring\gettitlestring.sty
Package: gettitlestring 2019/12/15 v1.6 Cleanup title references (HO)
 (C:\Users\User\AppData\Local\Programs\MiKTeX\tex/latex/kvoptions\kvoptions.sty
Package: kvoptions 2022-06-15 v3.15 Key value format for package options (HO)
))
\c@section@level=\count314
) (C:\Users\User\AppData\Local\Programs\MiKTeX\tex/generic/stringenc\stringenc.sty
Package: stringenc 2019/11/29 v1.12 Convert strings between diff. encodings (HO)
)
\@linkdim=\dimen172
\Hy@linkcounter=\count315
\Hy@pagecounter=\count316
 (C:\Users\User\AppData\Local\Programs\MiKTeX\tex/latex/hyperref\pd1enc.def
File: pd1enc.def 2024-11-05 v7.01l Hyperref: PDFDocEncoding definition (HO)
Now handling font encoding PD1 ...
... no UTF-8 mapping file for font encoding PD1
) (C:\Users\User\AppData\Local\Programs\MiKTeX\tex/generic/intcalc\intcalc.sty
Package: intcalc 2019/12/15 v1.3 Expandable calculations with integers (HO)
)
\Hy@SavedSpaceFactor=\count317
 (C:\Users\User\AppData\Local\Programs\MiKTeX\tex/latex/hyperref\puenc.def
File: puenc.def 2024-11-05 v7.01l Hyperref: PDF Unicode definition (HO)
Now handling font encoding PU ...
... no UTF-8 mapping file for font encoding PU
 (C:\Users\User\AppData\Local\Programs\MiKTeX\tex/latex/greek-fontenc\puenc-greek.def
File: puenc-greek.def 2023-09-12 2.5 Greek LICRs for PDF strings
 (C:\Users\User\AppData\Local\Programs\MiKTeX\tex/latex/greek-fontenc\greek-fontenc.def
File: greek-fontenc.def 2023-09-12 2.5 Common Greek font encoding definitions
)))
Package hyperref Info: Option `breaklinks' set `true' on input line 4040.
Package hyperref Info: Hyper figures OFF on input line 4157.
Package hyperref Info: Link nesting OFF on input line 4162.
Package hyperref Info: Hyper index ON on input line 4165.
Package hyperref Info: Plain pages OFF on input line 4172.
Package hyperref Info: Backreferencing OFF on input line 4177.
Package hyperref Info: Implicit mode ON; LaTeX internals redefined.
Package hyperref Info: Bookmarks ON on input line 4424.
\c@Hy@tempcnt=\count318
 (C:\Users\User\AppData\Local\Programs\MiKTeX\tex/latex/url\url.sty
\Urlmuskip=\muskip17
Package: url 2013/09/16  ver 3.4  Verb mode for urls, etc.
)
LaTeX Info: Redefining \url on input line 4763.
\XeTeXLinkMargin=\dimen173
 (C:\Users\User\AppData\Local\Programs\MiKTeX\tex/generic/bitset\bitset.sty
Package: bitset 2019/12/09 v1.3 Handle bit-vector datatype (HO)
 (C:\Users\User\AppData\Local\Programs\MiKTeX\tex/generic/bigintcalc\bigintcalc.sty
Package: bigintcalc 2019/12/15 v1.5 Expandable calculations on big integers (HO)
))
\Fld@menulength=\count319
\Field@Width=\dimen174
\Fld@charsize=\dimen175
Package hyperref Info: Hyper figures OFF on input line 6042.
Package hyperref Info: Link nesting OFF on input line 6047.
Package hyperref Info: Hyper index ON on input line 6050.
Package hyperref Info: backreferencing OFF on input line 6057.
Package hyperref Info: Link coloring OFF on input line 6062.
Package hyperref Info: Link coloring with OCG OFF on input line 6067.
Package hyperref Info: PDF/A mode OFF on input line 6072.
 (C:\Users\User\AppData\Local\Programs\MiKTeX\tex/latex/base\atbegshi-ltx.sty
Package: atbegshi-ltx 2021/01/10 v1.0c Emulation of the original atbegshi
package with kernel methods
)
\Hy@abspage=\count320
\c@Item=\count321
\c@Hfootnote=\count322
)
Package hyperref Info: Driver (autodetected): hpdftex.
 (C:\Users\User\AppData\Local\Programs\MiKTeX\tex/latex/hyperref\hpdftex.def
File: hpdftex.def 2024-11-05 v7.01l Hyperref driver for pdfTeX
 (C:\Users\User\AppData\Local\Programs\MiKTeX\tex/latex/base\atveryend-ltx.sty
Package: atveryend-ltx 2020/08/19 v1.0a Emulation of the original atveryend package
with kernel methods
)
\Fld@listcount=\count323
\c@bookmark@seq@number=\count324
 (C:\Users\User\AppData\Local\Programs\MiKTeX\tex/latex/rerunfilecheck\rerunfilecheck.sty
Package: rerunfilecheck 2022-07-10 v1.10 Rerun checks for auxiliary files (HO)
 (C:\Users\User\AppData\Local\Programs\MiKTeX\tex/generic/uniquecounter\uniquecounter.sty
Package: uniquecounter 2019/12/15 v1.4 Provide unlimited unique counter (HO)
)
Package uniquecounter Info: New unique counter `rerunfilecheck' on input line 285.
)
\Hy@SectionHShift=\skip56
) (C:\Users\User\AppData\Local\Programs\MiKTeX\tex/latex/enumitem\enumitem.sty
Package: enumitem 2019/06/20 v3.9 Customized lists
\labelindent=\skip57
\enit@outerparindent=\dimen176
\enit@toks=\toks30
\enit@inbox=\box68
\enit@count@id=\count325
\enitdp@description=\count326
) (C:\Users\User\AppData\Local\Programs\MiKTeX\tex/latex/nomencl\nomencl.sty
Package: nomencl 2021/11/10 v5.6 Nomenclature package
 (C:\Users\User\AppData\Local\Programs\MiKTeX\tex/latex/xkeyval\xkeyval.sty
Package: xkeyval 2022/06/16 v2.9 package option processing (HA)
 (C:\Users\User\AppData\Local\Programs\MiKTeX\tex/generic/xkeyval\xkeyval.tex (C:\Users\User\AppData\Local\Programs\MiKTeX\tex/generic/xkeyval\xkvutils.tex
\XKV@toks=\toks31
\XKV@tempa@toks=\toks32
)
\XKV@depth=\count327
File: xkeyval.tex 2014/12/03 v2.7a key=value parser (HA)
)) (C:\Users\User\AppData\Local\Programs\MiKTeX\tex/latex/koma-script\tocbasic.sty
Package: tocbasic 2024/10/24 v3.43 KOMA-Script package (handling toc-files)
 (C:\Users\User\AppData\Local\Programs\MiKTeX\tex/latex/koma-script\scrbase.sty
Package: scrbase 2024/10/24 v3.43 KOMA-Script package (KOMA-Script-independent basics and keyval usage)
 (C:\Users\User\AppData\Local\Programs\MiKTeX\tex/latex/koma-script\scrlfile.sty
Package: scrlfile 2024/10/24 v3.43 KOMA-Script package (file load hooks)
 (C:\Users\User\AppData\Local\Programs\MiKTeX\tex/latex/koma-script\scrlfile-hook.sty
Package: scrlfile-hook 2024/10/24 v3.43 KOMA-Script package (using LaTeX hooks)
 (C:\Users\User\AppData\Local\Programs\MiKTeX\tex/latex/koma-script\scrlogo.sty
Package: scrlogo 2024/10/24 v3.43 KOMA-Script package (logo)
)))
Applying: [2021/05/01] Usage of raw or classic option list on input line 254.
Already applied: [0000/00/00] Usage of raw or classic option list on input line 370.
)
\scr@dte@tocline@numberwidth=\skip58
\scr@dte@tocline@numbox=\box69
)
Package tocbasic Info: setting babel extension for `nlo' on input line 187.
Package tocbasic Info: setting babel extension for `nls' on input line 188.
\nomlabelwidth=\dimen177
\nom@tempdim=\dimen178
\nomitemsep=\skip59
) (C:\Users\User\AppData\Local\Programs\MiKTeX\tex/latex/koma-script\scrlayer-scrpage.sty
Package: scrlayer-scrpage 2024/10/24 v3.43 KOMA-Script package (end user interface for scrlayer)
 (C:\Users\User\AppData\Local\Programs\MiKTeX\tex/latex/koma-script\scrlayer.sty
Package: scrlayer 2024/10/24 v3.43 KOMA-Script package (defining layers and page styles)
 (C:\Users\User\AppData\Local\Programs\MiKTeX\tex/latex/koma-script\scrkbase.sty
Package: scrkbase 2024/10/24 v3.43 KOMA-Script package (KOMA-Script-dependent basics and keyval usage)
)
\footheight=\skip60
Package scrlayer Info: patching LaTeX kernel macro \pagestyle on input line 2182.
)) (C:\Users\User\AppData\Local\Programs\MiKTeX\tex/latex/biblatex\biblatex.sty
Package: biblatex 2024/03/21 v3.20 programmable bibliographies (PK/MW)
 (C:\Users\User\AppData\Local\Programs\MiKTeX\tex/latex/logreq\logreq.sty
Package: logreq 2010/08/04 v1.0 xml request logger
\lrq@indent=\count328
 (C:\Users\User\AppData\Local\Programs\MiKTeX\tex/latex/logreq\logreq.def
File: logreq.def 2010/08/04 v1.0 logreq spec v1.0
))
\c@tabx@nest=\count329
\c@listtotal=\count330
\c@listcount=\count331
\c@liststart=\count332
\c@liststop=\count333
\c@citecount=\count334
\c@citetotal=\count335
\c@multicitecount=\count336
\c@multicitetotal=\count337
\c@instcount=\count338
\c@maxnames=\count339
\c@minnames=\count340
\c@maxitems=\count341
\c@minitems=\count342
\c@citecounter=\count343
\c@maxcitecounter=\count344
\c@savedcitecounter=\count345
\c@uniquelist=\count346
\c@uniquename=\count347
\c@refsection=\count348
\c@refsegment=\count349
\c@maxextratitle=\count350
\c@maxextratitleyear=\count351
\c@maxextraname=\count352
\c@maxextradate=\count353
\c@maxextraalpha=\count354
\c@abbrvpenalty=\count355
\c@highnamepenalty=\count356
\c@lownamepenalty=\count357
\c@maxparens=\count358
\c@parenlevel=\count359
\blx@tempcnta=\count360
\blx@tempcntb=\count361
\blx@tempcntc=\count362
\c@blx@maxsection=\count363
\blx@maxsegment@0=\count364
\blx@notetype=\count365
\blx@parenlevel@text=\count366
\blx@parenlevel@foot=\count367
\blx@sectionciteorder@0=\count368
\blx@sectionciteorderinternal@0=\count369
\blx@entrysetcounter=\count370
\blx@biblioinstance=\count371
\labelnumberwidth=\skip61
\labelalphawidth=\skip62
\biblabelsep=\skip63
\bibitemsep=\skip64
\bibnamesep=\skip65
\bibinitsep=\skip66
\bibparsep=\skip67
\bibhang=\skip68
\blx@bcfin=\read3
\blx@bcfout=\write3
\blx@langwohyphens=\language80
\c@mincomprange=\count372
\c@maxcomprange=\count373
\c@mincompwidth=\count374
Package biblatex Info: Trying to load biblatex default data model...
Package biblatex Info: ... file 'blx-dm.def' found.
 (C:\Users\User\AppData\Local\Programs\MiKTeX\tex/latex/biblatex\blx-dm.def
File: blx-dm.def 2024/03/21 v3.20 biblatex datamodel (PK/MW)
)
Package biblatex Info: Trying to load biblatex style data model...
Package biblatex Info: ... file 'ieee.dbx' not found.
Package biblatex Info: Trying to load biblatex custom data model...
Package biblatex Info: ... file 'biblatex-dm.cfg' not found.
\c@afterword=\count375
\c@savedafterword=\count376
\c@annotator=\count377
\c@savedannotator=\count378
\c@author=\count379
\c@savedauthor=\count380
\c@bookauthor=\count381
\c@savedbookauthor=\count382
\c@commentator=\count383
\c@savedcommentator=\count384
\c@editor=\count385
\c@savededitor=\count386
\c@editora=\count387
\c@savededitora=\count388
\c@editorb=\count389
\c@savededitorb=\count390
\c@editorc=\count391
\c@savededitorc=\count392
\c@foreword=\count393
\c@savedforeword=\count394
\c@holder=\count395
\c@savedholder=\count396
\c@introduction=\count397
\c@savedintroduction=\count398
\c@namea=\count399
\c@savednamea=\count400
\c@nameb=\count401
\c@savednameb=\count402
\c@namec=\count403
\c@savednamec=\count404
\c@translator=\count405
\c@savedtranslator=\count406
\c@shortauthor=\count407
\c@savedshortauthor=\count408
\c@shorteditor=\count409
\c@savedshorteditor=\count410
\c@labelname=\count411
\c@savedlabelname=\count412
\c@institution=\count413
\c@savedinstitution=\count414
\c@lista=\count415
\c@savedlista=\count416
\c@listb=\count417
\c@savedlistb=\count418
\c@listc=\count419
\c@savedlistc=\count420
\c@listd=\count421
\c@savedlistd=\count422
\c@liste=\count423
\c@savedliste=\count424
\c@listf=\count425
\c@savedlistf=\count426
\c@location=\count427
\c@savedlocation=\count428
\c@organization=\count429
\c@savedorganization=\count430
\c@origlocation=\count431
\c@savedoriglocation=\count432
\c@origpublisher=\count433
\c@savedorigpublisher=\count434
\c@publisher=\count435
\c@savedpublisher=\count436
\c@language=\count437
\c@savedlanguage=\count438
\c@origlanguage=\count439
\c@savedoriglanguage=\count440
\c@pageref=\count441
\c@savedpageref=\count442
\shorthandwidth=\skip69
\shortjournalwidth=\skip70
\shortserieswidth=\skip71
\shorttitlewidth=\skip72
\shortauthorwidth=\skip73
\shorteditorwidth=\skip74
\locallabelnumberwidth=\skip75
\locallabelalphawidth=\skip76
\localshorthandwidth=\skip77
\localshortjournalwidth=\skip78
\localshortserieswidth=\skip79
\localshorttitlewidth=\skip80
\localshortauthorwidth=\skip81
\localshorteditorwidth=\skip82
Package biblatex Info: Trying to load compatibility code...
Package biblatex Info: ... file 'blx-compat.def' found.
 (C:\Users\User\AppData\Local\Programs\MiKTeX\tex/latex/biblatex\blx-compat.def
File: blx-compat.def 2024/03/21 v3.20 biblatex compatibility (PK/MW)
)
Package biblatex Info: Trying to load generic definitions...
Package biblatex Info: ... file 'biblatex.def' found.
 (C:\Users\User\AppData\Local\Programs\MiKTeX\tex/latex/biblatex\biblatex.def
File: biblatex.def 2024/03/21 v3.20 biblatex compatibility (PK/MW)
\c@textcitecount=\count443
\c@textcitetotal=\count444
\c@textcitemaxnames=\count445
\c@biburlbigbreakpenalty=\count446
\c@biburlbreakpenalty=\count447
\c@biburlnumpenalty=\count448
\c@biburlucpenalty=\count449
\c@biburllcpenalty=\count450
\biburlbigskip=\muskip18
\biburlnumskip=\muskip19
\biburlucskip=\muskip20
\biburllcskip=\muskip21
\c@smartand=\count451
)
Package biblatex Info: Trying to load bibliography style 'ieee'...
Package biblatex Info: ... file 'ieee.bbx' found.
 (C:\Users\User\AppData\Local\Programs\MiKTeX\tex/latex/biblatex-ieee\ieee.bbx
File: ieee.bbx 2024-11-20 v1.4b biblatex bibliography style
Package biblatex Info: Trying to load bibliography style 'numeric-comp'...
Package biblatex Info: ... file 'numeric-comp.bbx' found.
 (C:\Users\User\AppData\Local\Programs\MiKTeX\tex/latex/biblatex/bbx\numeric-comp.bbx
File: numeric-comp.bbx 2024/03/21 v3.20 biblatex bibliography style (PK/MW)
Package biblatex Info: Trying to load bibliography style 'numeric'...
Package biblatex Info: ... file 'numeric.bbx' found.
 (C:\Users\User\AppData\Local\Programs\MiKTeX\tex/latex/biblatex/bbx\numeric.bbx
File: numeric.bbx 2024/03/21 v3.20 biblatex bibliography style (PK/MW)
Package biblatex Info: Trying to load bibliography style 'standard'...
Package biblatex Info: ... file 'standard.bbx' found.
 (C:\Users\User\AppData\Local\Programs\MiKTeX\tex/latex/biblatex/bbx\standard.bbx
File: standard.bbx 2024/03/21 v3.20 biblatex bibliography style (PK/MW)
\c@bbx:relatedcount=\count452
\c@bbx:relatedtotal=\count453
))))
Package biblatex Info: Trying to load citation style 'ieee'...
Package biblatex Info: ... file 'ieee.cbx' found.
 (C:\Users\User\AppData\Local\Programs\MiKTeX\tex/latex/biblatex-ieee\ieee.cbx
File: ieee.cbx 2024-11-20 v1.4b biblatex citation style
Package biblatex Info: Trying to load citation style 'numeric-verb'...
Package biblatex Info: ... file 'numeric-verb.cbx' found.
 (C:\Users\User\AppData\Local\Programs\MiKTeX\tex/latex/biblatex/cbx\numeric-verb.cbx
File: numeric-verb.cbx 2024/03/21 v3.20 biblatex citation style (PK/MW)
Package biblatex Info: Redefining '\cite'.
Package biblatex Info: Redefining '\parencite'.
Package biblatex Info: Redefining '\footcite'.
Package biblatex Info: Redefining '\footcitetext'.
Package biblatex Info: Redefining '\smartcite'.
Package biblatex Info: Redefining '\textcite'.
Package biblatex Info: Redefining '\supercite'.
Package biblatex Info: Redefining '\parencites'.
Package biblatex Info: Redefining '\smartcites'.
Package biblatex Info: Redefining '\textcites'.
))
Package biblatex Info: Trying to load configuration file...
Package biblatex Info: ... file 'biblatex.cfg' found.
 (C:\Users\User\AppData\Local\Programs\MiKTeX\tex/latex/biblatex\biblatex.cfg
File: biblatex.cfg 
)
Package biblatex Info: Input encoding 'utf8' detected.
Package biblatex Info: Document encoding is UTF8 ....
 (C:\Users\User\AppData\Local\Programs\MiKTeX\tex/latex/l3kernel\expl3.sty
Package: expl3 2024-11-02 L3 programming layer (loader) 
 (C:\Users\User\AppData\Local\Programs\MiKTeX\tex/latex/l3backend\l3backend-pdftex.def
File: l3backend-pdftex.def 2024-05-08 L3 backend support: PDF output (pdfTeX)
\l__color_backend_stack_int=\count454
\l__pdf_internal_box=\box70
))
Package biblatex Info: ... and expl3
(biblatex)             2024-11-02 L3 programming layer (loader) 
(biblatex)             is new enough (at least 2020/04/06),
(biblatex)             setting 'casechanger=expl3'.
 (C:\Users\User\AppData\Local\Programs\MiKTeX\tex/latex/biblatex\blx-case-expl3.sty (C:\Users\User\AppData\Local\Programs\MiKTeX\tex/latex/l3packages/xparse\xparse.sty
Package: xparse 2024-08-16 L3 Experimental document command parser
)
Package: blx-case-expl3 2024/03/21 v3.20 expl3 case changing code for biblatex
))
Package csquotes Info: Checking for multilingual support...
Package csquotes Info: ... found 'babel' package.
Package csquotes Info: Adjusting default style.
Package csquotes Info: Redefining alias 'default' -> 'ngerman'.
 (main.aux

LaTeX Warning: Label `ABBILDUNG 76' multiply defined.


LaTeX Warning: Label `ABBILDUNG 76' multiply defined.


LaTeX Warning: Label `ABBILDUNG 76' multiply defined.


LaTeX Warning: Label `ABBILDUNG 76' multiply defined.


LaTeX Warning: Label `ABBILDUNG 76' multiply defined.


LaTeX Warning: Label `ABBILDUNG 76' multiply defined.


LaTeX Warning: Label `ABBILDUNG 76' multiply defined.


LaTeX Warning: Label `ABBILDUNG 76' multiply defined.


LaTeX Warning: Label `ABBILDUNG 76' multiply defined.

)
\openout1 = `main.aux'.

LaTeX Font Info:    Checking defaults for OML/cmm/m/it on input line 118.
LaTeX Font Info:    ... okay on input line 118.
LaTeX Font Info:    Checking defaults for OMS/cmsy/m/n on input line 118.
LaTeX Font Info:    ... okay on input line 118.
LaTeX Font Info:    Checking defaults for OT1/cmr/m/n on input line 118.
LaTeX Font Info:    ... okay on input line 118.
LaTeX Font Info:    Checking defaults for T1/cmr/m/n on input line 118.
LaTeX Font Info:    ... okay on input line 118.
LaTeX Font Info:    Checking defaults for TS1/cmr/m/n on input line 118.
LaTeX Font Info:    ... okay on input line 118.
LaTeX Font Info:    Checking defaults for OMX/cmex/m/n on input line 118.
LaTeX Font Info:    ... okay on input line 118.
LaTeX Font Info:    Checking defaults for U/cmr/m/n on input line 118.
LaTeX Font Info:    ... okay on input line 118.
LaTeX Font Info:    Checking defaults for LGR/cmr/m/n on input line 118.
LaTeX Font Info:    Trying to load font information for LGR+cmr on input line 118.
 (C:\Users\User\AppData\Local\Programs\MiKTeX\tex/latex/cbfonts-fd\lgrcmr.fd
File: lgrcmr.fd 2017/07/29 v1.2 Greek European Computer Regular
)
LaTeX Font Info:    ... okay on input line 118.
LaTeX Font Info:    Checking defaults for PD1/pdf/m/n on input line 118.
LaTeX Font Info:    ... okay on input line 118.
LaTeX Font Info:    Checking defaults for PU/pdf/m/n on input line 118.
LaTeX Font Info:    ... okay on input line 118.
\c@lstlisting=\count455
Package tocbasic Info: setting babel extension for `lol' on input line 118.
 (C:\Users\User\AppData\Local\Programs\MiKTeX\tex/context/base/mkii\supp-pdf.mkii
[Loading MPS to PDF converter (version 2006.09.02).]
\scratchcounter=\count456
\scratchdimen=\dimen179
\scratchbox=\box71
\nofMPsegments=\count457
\nofMParguments=\count458
\everyMPshowfont=\toks33
\MPscratchCnt=\count459
\MPscratchDim=\dimen180
\MPnumerator=\count460
\makeMPintoPDFobject=\count461
\everyMPtoPDFconversion=\toks34
) (C:\Users\User\AppData\Local\Programs\MiKTeX\tex/latex/epstopdf-pkg\epstopdf-base.sty
Package: epstopdf-base 2020-01-24 v2.11 Base part for package epstopdf
Package epstopdf-base Info: Redefining graphics rule for `.eps' on input line 485.
 (C:\Users\User\AppData\Local\Programs\MiKTeX\tex/latex/00miktex\epstopdf-sys.cfg
File: epstopdf-sys.cfg 2021/03/18 v2.0 Configuration of epstopdf for MiKTeX
)) (C:\Users\User\AppData\Local\Programs\MiKTeX\tex/latex/pdflscape\pdflscape.sty
Package: pdflscape 2022-10-27 v0.13 Display of landscape pages in PDF
 (C:\Users\User\AppData\Local\Programs\MiKTeX\tex/latex/pdflscape\pdflscape-nometadata.sty
Package: pdflscape-nometadata 2022-10-28 v0.13 Display of landscape pages in PDF (HO)
 (C:\Users\User\AppData\Local\Programs\MiKTeX\tex/latex/graphics\lscape.sty
Package: lscape 2020/05/28 v3.02 Landscape Pages (DPC)
)
Package pdflscape Info: Auto-detected driver: pdftex on input line 81.
))
Package caption Info: Begin \AtBeginDocument code.
Package caption Info: float package is loaded.
Package caption Info: hyperref package is loaded.
Package caption Info: End \AtBeginDocument code.
 (C:\Users\User\AppData\Local\Programs\MiKTeX\tex/latex/translations/dicts\translations-basic-dictionary-german.trsl
File: translations-basic-dictionary-german.trsl (german translation file `translations-basic-dictionary')
)
Package translations Info: loading dictionary `translations-basic-dictionary' for `german'. on input line 118.
Package hyperref Info: Link coloring OFF on input line 118.
 (main.out) (main.out)
\@outlinefile=\write4
\openout4 = `main.out'.

Package biblatex Info: Trying to load language 'ngerman'...
Package biblatex Info: ... file 'ngerman.lbx' found.
 (C:\Users\User\AppData\Local\Programs\MiKTeX\tex/latex/biblatex/lbx\ngerman.lbx
File: ngerman.lbx 2024/03/21 v3.20 biblatex localization (PK/MW)
Package biblatex Info: Trying to load language 'german'...
Package biblatex Info: ... file 'german.lbx' found.
 (C:\Users\User\AppData\Local\Programs\MiKTeX\tex/latex/biblatex/lbx\german.lbx
File: german.lbx 2024/03/21 v3.20 biblatex localization (PK/MW)
)
Package biblatex Info: Trying to load language 'german'...
Package biblatex Info: ... file 'german.lbx' found.
 (C:\Users\User\AppData\Local\Programs\MiKTeX\tex/latex/biblatex/lbx\german.lbx
File: german.lbx 2024/03/21 v3.20 biblatex localization (PK/MW)
))
Package biblatex Info: Input encoding 'utf8' detected.
Package biblatex Info: Automatic encoding selection.
(biblatex)             Assuming data encoding 'utf8'.
\openout3 = `main.bcf'.

Package biblatex Info: Trying to load bibliographic data...
Package biblatex Info: ... file 'main.bbl' found.
 (main.bbl)
Package biblatex Info: Reference section=0 on input line 118.
Package biblatex Info: Reference segment=0 on input line 118.
Package hyperref Info: Option `pageanchor' set `false' on input line 125.
LaTeX Font Info:    External font `cmex10' loaded for size
(Font)              <12> on input line 135.
LaTeX Font Info:    External font `cmex10' loaded for size
(Font)              <8> on input line 135.
LaTeX Font Info:    External font `cmex10' loaded for size
(Font)              <6> on input line 135.
<images/DHBW_d_R_FN_46mm_4c.jpg, id=95, 133.33815pt x 73.7154pt>
File: images/DHBW_d_R_FN_46mm_4c.jpg Graphic file (type jpg)
<use images/DHBW_d_R_FN_46mm_4c.jpg>
Package pdftex.def Info: images/DHBW_d_R_FN_46mm_4c.jpg  used on input line 140.
(pdftex.def)             Requested size: 77.99881pt x 43.12163pt.

Overfull \hbox (20.2359pt too wide) in paragraph at lines 135--141
[]$[]$ $[]$ 
 []



[1

{C:/Users/User/AppData/Local/MiKTeX/fonts/map/pdftex/pdftex.map} <./images/DHBW_d_R_FN_46mm_4c.jpg>]
Package hyperref Info: Option `pageanchor' set `true' on input line 180.

Underfull \hbox (badness 1953) in paragraph at lines 195--196
\OT1/cmr/m/it/14.4 mie-rung von Ab-bie-geunf[]allen zwi-schen LKW und
 []


Underfull \hbox (badness 10000) in paragraph at lines 198--200

 []


Underfull \hbox (badness 10000) in paragraph at lines 201--204

 []



File: images/DHBW_d_R_FN_46mm_4c.jpg Graphic file (type jpg)
<use images/DHBW_d_R_FN_46mm_4c.jpg>
Package pdftex.def Info: images/DHBW_d_R_FN_46mm_4c.jpg  used on input line 209.
(pdftex.def)             Requested size: 85.35826pt x 47.19005pt.

Overfull \hbox (20.10214pt too wide) has occurred while \output is active
 [][] 
 []


Package scrlayer-scrpage Warning: \footheight to low.
(scrlayer-scrpage)                At least 48.12502pt needed,
(scrlayer-scrpage)                but only 34.16666pt found.
(scrlayer-scrpage)                I'll enlarge \footheight, for further
(scrlayer-scrpage)                processing, but you should do this yourself,
(scrlayer-scrpage)                e.g., using
(scrlayer-scrpage)                  \setlength{\footheight}{48.12502pt}
(scrlayer-scrpage)                in your preamble.
(scrlayer-scrpage)                I'll also increase \footskip on input line 209.

[1

]
Underfull \hbox (badness 2478) in paragraph at lines 214--221
\OT1/cmr/m/n/14.4 Die vor-lie-gen-de Stu-di-en-ar-beit un-ter-sucht die Ent-wick-lung
 []


Underfull \hbox (badness 2401) in paragraph at lines 214--221
\OT1/cmr/m/n/14.4 ei-nes mo-bi-len Warn-sys-tems zur Mi-ni-mie-rung von Ab-bie-
 []



File: images/DHBW_d_R_FN_46mm_4c.jpg Graphic file (type jpg)
<use images/DHBW_d_R_FN_46mm_4c.jpg>
Package pdftex.def Info: images/DHBW_d_R_FN_46mm_4c.jpg  used on input line 234.
(pdftex.def)             Requested size: 85.35826pt x 47.19005pt.

Package scrlayer-scrpage Warning: \headheight to low.
(scrlayer-scrpage)                At least 35.62097pt needed,
(scrlayer-scrpage)                but only 14.5pt found.
(scrlayer-scrpage)                I'll enlarge \headheight, for further
(scrlayer-scrpage)                processing, but you should do this yourself,
(scrlayer-scrpage)                e.g., using
(scrlayer-scrpage)                  \setlength{\headheight}{35.62097pt}
(scrlayer-scrpage)                in your preamble.
(scrlayer-scrpage)                I'll also decrease \topmargin on input line 234.


Overfull \vbox (21.12097pt too high) has occurred while \output is active []


Overfull \hbox (20.10214pt too wide) has occurred while \output is active
 [][] 
 []


Package scrlayer-scrpage Warning: \footheight to low.
(scrlayer-scrpage)                At least 85.045pt needed,
(scrlayer-scrpage)                but only 48.12502pt found.
(scrlayer-scrpage)                I'll enlarge \footheight, for further
(scrlayer-scrpage)                processing, but you should do this yourself,
(scrlayer-scrpage)                e.g., using
(scrlayer-scrpage)                  \setlength{\footheight}{85.045pt}
(scrlayer-scrpage)                in your preamble.
(scrlayer-scrpage)                I'll also increase \footskip on input line 234.

[2

]

File: images/DHBW_d_R_FN_46mm_4c.jpg Graphic file (type jpg)
<use images/DHBW_d_R_FN_46mm_4c.jpg>
Package pdftex.def Info: images/DHBW_d_R_FN_46mm_4c.jpg  used on input line 262.
(pdftex.def)             Requested size: 85.35826pt x 47.19005pt.

Overfull \hbox (20.10214pt too wide) has occurred while \output is active
 [][] 
 []

[3]

File: images/DHBW_d_R_FN_46mm_4c.jpg Graphic file (type jpg)
<use images/DHBW_d_R_FN_46mm_4c.jpg>
Package pdftex.def Info: images/DHBW_d_R_FN_46mm_4c.jpg  used on input line 264.
(pdftex.def)             Requested size: 85.35826pt x 47.19005pt.

Overfull \hbox (20.10214pt too wide) has occurred while \output is active
 [][] 
 []

[4]

File: images/DHBW_d_R_FN_46mm_4c.jpg Graphic file (type jpg)
<use images/DHBW_d_R_FN_46mm_4c.jpg>
Package pdftex.def Info: images/DHBW_d_R_FN_46mm_4c.jpg  used on input line 281.
(pdftex.def)             Requested size: 85.35826pt x 47.19005pt.

Overfull \hbox (20.10214pt too wide) has occurred while \output is active
 [][] 
 []

[5

]
Package hyperref Info: bookmark level for unknown toc defaults to 0 on input line 283.
 (main.lof
Underfull \hbox (badness 3872) in paragraph at lines 4--4
 [][] [][]\OT1/cmr/m/n/12 Modelldarstellung Blue-tooth Da-ten[]ubertragung(Frequency 
 []

)
\tf@lof=\write5
\openout5 = `main.lof'.



File: images/DHBW_d_R_FN_46mm_4c.jpg Graphic file (type jpg)
<use images/DHBW_d_R_FN_46mm_4c.jpg>
Package pdftex.def Info: images/DHBW_d_R_FN_46mm_4c.jpg  used on input line 286.
(pdftex.def)             Requested size: 85.35826pt x 47.19005pt.

Overfull \hbox (20.10214pt too wide) has occurred while \output is active
 [][] 
 []

[6

]

File: images/DHBW_d_R_FN_46mm_4c.jpg Graphic file (type jpg)
<use images/DHBW_d_R_FN_46mm_4c.jpg>
Package pdftex.def Info: images/DHBW_d_R_FN_46mm_4c.jpg  used on input line 317.
(pdftex.def)             Requested size: 85.35826pt x 47.19005pt.

Overfull \hbox (20.10214pt too wide) has occurred while \output is active
 [][] 
 []

[7

] (main.toc)
\tf@toc=\write6
\openout6 = `main.toc'.



File: images/DHBW_d_R_FN_46mm_4c.jpg Graphic file (type jpg)
<use images/DHBW_d_R_FN_46mm_4c.jpg>
Package pdftex.def Info: images/DHBW_d_R_FN_46mm_4c.jpg  used on input line 325.
(pdftex.def)             Requested size: 85.35826pt x 47.19005pt.

Overfull \hbox (20.10214pt too wide) has occurred while \output is active
 [][] 
 []

[8

]

File: images/DHBW_d_R_FN_46mm_4c.jpg Graphic file (type jpg)
<use images/DHBW_d_R_FN_46mm_4c.jpg>
Package pdftex.def Info: images/DHBW_d_R_FN_46mm_4c.jpg  used on input line 363.
(pdftex.def)             Requested size: 85.35826pt x 47.19005pt.

Overfull \hbox (20.10214pt too wide) has occurred while \output is active
 [][] 
 []

[1

]

File: images/DHBW_d_R_FN_46mm_4c.jpg Graphic file (type jpg)
<use images/DHBW_d_R_FN_46mm_4c.jpg>
Package pdftex.def Info: images/DHBW_d_R_FN_46mm_4c.jpg  used on input line 393.
(pdftex.def)             Requested size: 85.35826pt x 47.19005pt.

Overfull \hbox (20.10214pt too wide) has occurred while \output is active
 [][] 
 []

[2

]
<images/XPLR-AOA-with-C209-and-C211-02_0.png, id=221, 640.3925pt x 530.98375pt>
File: images/XPLR-AOA-with-C209-and-C211-02_0.png Graphic file (type png)
<use images/XPLR-AOA-with-C209-and-C211-02_0.png>
Package pdftex.def Info: images/XPLR-AOA-with-C209-and-C211-02_0.png  used on input line 395.
(pdftex.def)             Requested size: 312.00119pt x 258.70161pt.


File: images/DHBW_d_R_FN_46mm_4c.jpg Graphic file (type jpg)
<use images/DHBW_d_R_FN_46mm_4c.jpg>
Package pdftex.def Info: images/DHBW_d_R_FN_46mm_4c.jpg  used on input line 405.
(pdftex.def)             Requested size: 85.35826pt x 47.19005pt.

Overfull \hbox (20.10214pt too wide) has occurred while \output is active
 [][] 
 []

[3 <./images/XPLR-AOA-with-C209-and-C211-02_0.png>]

File: images/DHBW_d_R_FN_46mm_4c.jpg Graphic file (type jpg)
<use images/DHBW_d_R_FN_46mm_4c.jpg>
Package pdftex.def Info: images/DHBW_d_R_FN_46mm_4c.jpg  used on input line 406.
(pdftex.def)             Requested size: 85.35826pt x 47.19005pt.

Overfull \hbox (20.10214pt too wide) has occurred while \output is active
 [][] 
 []

[4]
Underfull \hbox (badness 10000) in paragraph at lines 420--421
[]\OT1/cmr/m/n/14.4 Ziel ist es, dass so-wohl LKW-Fahrende als auch
 []



File: images/DHBW_d_R_FN_46mm_4c.jpg Graphic file (type jpg)
<use images/DHBW_d_R_FN_46mm_4c.jpg>
Package pdftex.def Info: images/DHBW_d_R_FN_46mm_4c.jpg  used on input line 427.
(pdftex.def)             Requested size: 85.35826pt x 47.19005pt.

Overfull \hbox (20.10214pt too wide) has occurred while \output is active
 [][] 
 []

[5

]
Underfull \hbox (badness 1014) in paragraph at lines 436--437
[]\OT1/cmr/bx/n/14.4 Skalierbarkeit: \OT1/cmr/m/n/14.4 So-wohl tech-ni-sche Kom-po-nen-ten (z. B.
 []



File: images/DHBW_d_R_FN_46mm_4c.jpg Graphic file (type jpg)
<use images/DHBW_d_R_FN_46mm_4c.jpg>
Package pdftex.def Info: images/DHBW_d_R_FN_46mm_4c.jpg  used on input line 437.
(pdftex.def)             Requested size: 85.35826pt x 47.19005pt.

Overfull \hbox (20.10214pt too wide) has occurred while \output is active
 [][] 
 []

[6]
<images/abbiegeassistent-scaled-7b2478b8.jpeg, id=245, 1927.2pt x 745.28438pt>
File: images/abbiegeassistent-scaled-7b2478b8.jpeg Graphic file (type jpg)
<use images/abbiegeassistent-scaled-7b2478b8.jpeg>
Package pdftex.def Info: images/abbiegeassistent-scaled-7b2478b8.jpeg  used on input line 441.
(pdftex.def)             Requested size: 390.0pt x 150.81691pt.


File: images/DHBW_d_R_FN_46mm_4c.jpg Graphic file (type jpg)
<use images/DHBW_d_R_FN_46mm_4c.jpg>
Package pdftex.def Info: images/DHBW_d_R_FN_46mm_4c.jpg  used on input line 449.
(pdftex.def)             Requested size: 85.35826pt x 47.19005pt.

Overfull \hbox (20.10214pt too wide) has occurred while \output is active
 [][] 
 []

[7 <./images/abbiegeassistent-scaled-7b2478b8.jpeg>]

File: images/DHBW_d_R_FN_46mm_4c.jpg Graphic file (type jpg)
<use images/DHBW_d_R_FN_46mm_4c.jpg>
Package pdftex.def Info: images/DHBW_d_R_FN_46mm_4c.jpg  used on input line 472.
(pdftex.def)             Requested size: 85.35826pt x 47.19005pt.

Overfull \hbox (20.10214pt too wide) has occurred while \output is active
 [][] 
 []

[8

]

File: images/DHBW_d_R_FN_46mm_4c.jpg Graphic file (type jpg)
<use images/DHBW_d_R_FN_46mm_4c.jpg>
Package pdftex.def Info: images/DHBW_d_R_FN_46mm_4c.jpg  used on input line 480.
(pdftex.def)             Requested size: 85.35826pt x 47.19005pt.

Overfull \hbox (20.10214pt too wide) has occurred while \output is active
 [][] 
 []

[9]
Underfull \hbox (badness 1112) in paragraph at lines 498--500
\OT1/cmr/m/n/14.4 in ers-ter Li-nie zur draht-lo-sen Kom-mu-ni-ka-ti-on []uber kur-ze
 []


Underfull \hbox (badness 1048) in paragraph at lines 507--509
\OT1/cmr/m/n/14.4 Fre-quenz-sprung-ver-fah-ren (Fre-quen-cy Hop-ping Spread Spec-
 []



File: images/DHBW_d_R_FN_46mm_4c.jpg Graphic file (type jpg)
<use images/DHBW_d_R_FN_46mm_4c.jpg>
Package pdftex.def Info: images/DHBW_d_R_FN_46mm_4c.jpg  used on input line 509.
(pdftex.def)             Requested size: 85.35826pt x 47.19005pt.

Overfull \hbox (20.10214pt too wide) has occurred while \output is active
 [][] 
 []

[10

]
<images/2025-01-13_15h05_23.png, id=265, 1048.66782pt x 590.205pt>
File: images/2025-01-13_15h05_23.png Graphic file (type png)
<use images/2025-01-13_15h05_23.png>
Package pdftex.def Info: images/2025-01-13_15h05_23.png  used on input line 511.
(pdftex.def)             Requested size: 390.0pt x 219.49815pt.

Underfull \hbox (badness 1028) in paragraph at lines 513--513
[]\OT1/cmr/m/n/12 Abbildung 3: |Mo-dell-dar-stel-lung Blue-tooth Da-ten[]ubertragung(Frequency
 []


Underfull \hbox (badness 3179) in paragraph at lines 517--520
[]\OT1/cmr/m/n/14.4 Bluetooth-Ger[]ate wer-den zu so-ge-nann-ten Pi-co-nets zu-
 []



File: images/DHBW_d_R_FN_46mm_4c.jpg Graphic file (type jpg)
<use images/DHBW_d_R_FN_46mm_4c.jpg>
Package pdftex.def Info: images/DHBW_d_R_FN_46mm_4c.jpg  used on input line 520.
(pdftex.def)             Requested size: 85.35826pt x 47.19005pt.

Overfull \hbox (20.10214pt too wide) has occurred while \output is active
 [][] 
 []

[11 <./images/2025-01-13_15h05_23.png>]
<images/Piconet.png, id=273, 471.56175pt x 325.81725pt>
File: images/Piconet.png Graphic file (type png)
<use images/Piconet.png>
Package pdftex.def Info: images/Piconet.png  used on input line 522.
(pdftex.def)             Requested size: 390.0pt x 269.47867pt.


File: images/DHBW_d_R_FN_46mm_4c.jpg Graphic file (type jpg)
<use images/DHBW_d_R_FN_46mm_4c.jpg>
Package pdftex.def Info: images/DHBW_d_R_FN_46mm_4c.jpg  used on input line 537.
(pdftex.def)             Requested size: 85.35826pt x 47.19005pt.

Overfull \hbox (20.10214pt too wide) has occurred while \output is active
 [][] 
 []

[12 <./images/Piconet.png>]

File: images/DHBW_d_R_FN_46mm_4c.jpg Graphic file (type jpg)
<use images/DHBW_d_R_FN_46mm_4c.jpg>
Package pdftex.def Info: images/DHBW_d_R_FN_46mm_4c.jpg  used on input line 561.
(pdftex.def)             Requested size: 85.35826pt x 47.19005pt.

Overfull \hbox (20.10214pt too wide) has occurred while \output is active
 [][] 
 []

[13]
Underfull \hbox (badness 10000) in paragraph at lines 566--568
[]\OT1/cmr/bx/n/14.4 Bluetooth 5.1: \OT1/cmr/m/n/14.4 Einf[]uhrung der Angle-of-Arrival-
 []


Underfull \hbox (badness 4467) in paragraph at lines 578--579
\OT1/cmr/m/n/14.4 Zu den Vor-tei-len von Blue-tooth z[]ahlen die uni-ver-sel-le
 []



File: images/DHBW_d_R_FN_46mm_4c.jpg Graphic file (type jpg)
<use images/DHBW_d_R_FN_46mm_4c.jpg>
Package pdftex.def Info: images/DHBW_d_R_FN_46mm_4c.jpg  used on input line 579.
(pdftex.def)             Requested size: 85.35826pt x 47.19005pt.

Overfull \hbox (20.10214pt too wide) has occurred while \output is active
 [][] 
 []

[14]

File: images/DHBW_d_R_FN_46mm_4c.jpg Graphic file (type jpg)
<use images/DHBW_d_R_FN_46mm_4c.jpg>
Package pdftex.def Info: images/DHBW_d_R_FN_46mm_4c.jpg  used on input line 584.
(pdftex.def)             Requested size: 85.35826pt x 47.19005pt.

Overfull \hbox (20.10214pt too wide) has occurred while \output is active
 [][] 
 []

[15]

File: images/DHBW_d_R_FN_46mm_4c.jpg Graphic file (type jpg)
<use images/DHBW_d_R_FN_46mm_4c.jpg>
Package pdftex.def Info: images/DHBW_d_R_FN_46mm_4c.jpg  used on input line 587.
(pdftex.def)             Requested size: 85.35826pt x 47.19005pt.

Overfull \hbox (20.10214pt too wide) has occurred while \output is active
 [][] 
 []

[16]

File: images/DHBW_d_R_FN_46mm_4c.jpg Graphic file (type jpg)
<use images/DHBW_d_R_FN_46mm_4c.jpg>
Package pdftex.def Info: images/DHBW_d_R_FN_46mm_4c.jpg  used on input line 605.
(pdftex.def)             Requested size: 85.35826pt x 47.19005pt.

Overfull \hbox (20.10214pt too wide) has occurred while \output is active
 [][] 
 []

[17

]

File: images/DHBW_d_R_FN_46mm_4c.jpg Graphic file (type jpg)
<use images/DHBW_d_R_FN_46mm_4c.jpg>
Package pdftex.def Info: images/DHBW_d_R_FN_46mm_4c.jpg  used on input line 622.
(pdftex.def)             Requested size: 85.35826pt x 47.19005pt.

Overfull \hbox (20.10214pt too wide) has occurred while \output is active
 [][] 
 []

[18]
<images/Android-Studio-user-interface-during-the-development-of-Android-mobile-App-Figure.jpg, id=306, 639.89063pt x 344.03531pt>
File: images/Android-Studio-user-interface-during-the-development-of-Android-mobile-App-Figure.jpg Graphic file (type jpg)
<use images/Android-Studio-user-interface-during-the-development-of-Android-mobile-App-Figure.jpg>
Package pdftex.def Info: images/Android-Studio-user-interface-during-the-development-of-Android-mobile-App-Figure.jpg  used on input line 624.
(pdftex.def)             Requested size: 390.0pt x 209.68274pt.


File: images/DHBW_d_R_FN_46mm_4c.jpg Graphic file (type jpg)
<use images/DHBW_d_R_FN_46mm_4c.jpg>
Package pdftex.def Info: images/DHBW_d_R_FN_46mm_4c.jpg  used on input line 635.
(pdftex.def)             Requested size: 85.35826pt x 47.19005pt.

Overfull \hbox (20.10214pt too wide) has occurred while \output is active
 [][] 
 []

[19 <./images/Android-Studio-user-interface-during-the-development-of-Android-mobile-App-Figure.jpg>]
Underfull \hbox (badness 1331) in paragraph at lines 639--643
[]\OT1/cmr/m/n/14.4 uber ei-ne gro^^Ye An-zahl an Bi-blio-the-ken und Fra-me-works
 []



File: images/DHBW_d_R_FN_46mm_4c.jpg Graphic file (type jpg)
<use images/DHBW_d_R_FN_46mm_4c.jpg>
Package pdftex.def Info: images/DHBW_d_R_FN_46mm_4c.jpg  used on input line 649.
(pdftex.def)             Requested size: 85.35826pt x 47.19005pt.

Overfull \hbox (20.10214pt too wide) has occurred while \output is active
 [][] 
 []

[20]

File: images/DHBW_d_R_FN_46mm_4c.jpg Graphic file (type jpg)
<use images/DHBW_d_R_FN_46mm_4c.jpg>
Package pdftex.def Info: images/DHBW_d_R_FN_46mm_4c.jpg  used on input line 656.
(pdftex.def)             Requested size: 85.35826pt x 47.19005pt.

Overfull \hbox (20.10214pt too wide) has occurred while \output is active
 [][] 
 []

[21]
Underfull \hbox (badness 10000) in paragraph at lines 673--675
[]\OT1/cmr/bx/n/14.4 Aktivieren des Bluetooth-Adapters[[]10[]]: \OT1/cmr/m/n/14.4 Beim
 []



File: images/DHBW_d_R_FN_46mm_4c.jpg Graphic file (type jpg)
<use images/DHBW_d_R_FN_46mm_4c.jpg>
Package pdftex.def Info: images/DHBW_d_R_FN_46mm_4c.jpg  used on input line 679.
(pdftex.def)             Requested size: 85.35826pt x 47.19005pt.

Overfull \hbox (20.10214pt too wide) has occurred while \output is active
 [][] 
 []

[22

]

File: images/DHBW_d_R_FN_46mm_4c.jpg Graphic file (type jpg)
<use images/DHBW_d_R_FN_46mm_4c.jpg>
Package pdftex.def Info: images/DHBW_d_R_FN_46mm_4c.jpg  used on input line 696.
(pdftex.def)             Requested size: 85.35826pt x 47.19005pt.

Overfull \hbox (20.10214pt too wide) has occurred while \output is active
 [][] 
 []

[23]
<images/Screenshot_20250113_094518_Settings.jpg, id=353, 813.0375pt x 1743.51375pt>
File: images/Screenshot_20250113_094518_Settings.jpg Graphic file (type jpg)
<use images/Screenshot_20250113_094518_Settings.jpg>
Package pdftex.def Info: images/Screenshot_20250113_094518_Settings.jpg  used on input line 701.
(pdftex.def)             Requested size: 195.0pt x 418.15921pt.

Underfull \hbox (badness 1701) in paragraph at lines 707--709
[]\OT1/cmr/bx/n/14.4 Scanning von Bluetooth-Ger[]aten[[]10[]]: \OT1/cmr/m/n/14.4 So-bald Blue-
 []



File: images/DHBW_d_R_FN_46mm_4c.jpg Graphic file (type jpg)
<use images/DHBW_d_R_FN_46mm_4c.jpg>
Package pdftex.def Info: images/DHBW_d_R_FN_46mm_4c.jpg  used on input line 709.
(pdftex.def)             Requested size: 85.35826pt x 47.19005pt.

Overfull \hbox (20.10214pt too wide) has occurred while \output is active
 [][] 
 []

[24 <./images/Screenshot_20250113_094518_Settings.jpg>]

File: images/DHBW_d_R_FN_46mm_4c.jpg Graphic file (type jpg)
<use images/DHBW_d_R_FN_46mm_4c.jpg>
Package pdftex.def Info: images/DHBW_d_R_FN_46mm_4c.jpg  used on input line 723.
(pdftex.def)             Requested size: 85.35826pt x 47.19005pt.

Overfull \hbox (20.10214pt too wide) has occurred while \output is active
 [][] 
 []

[25]

File: images/DHBW_d_R_FN_46mm_4c.jpg Graphic file (type jpg)
<use images/DHBW_d_R_FN_46mm_4c.jpg>
Package pdftex.def Info: images/DHBW_d_R_FN_46mm_4c.jpg  used on input line 740.
(pdftex.def)             Requested size: 85.35826pt x 47.19005pt.

Overfull \hbox (20.10214pt too wide) has occurred while \output is active
 [][] 
 []

[26]
<images/Screenshot_20250113_094628_Bluetooth App.jpg, id=402, 813.0375pt x 1743.51375pt>
File: images/Screenshot_20250113_094628_Bluetooth App.jpg Graphic file (type jpg)
<use images/Screenshot_20250113_094628_Bluetooth App.jpg>
Package pdftex.def Info: images/Screenshot_20250113_094628_Bluetooth App.jpg  used on input line 744.
(pdftex.def)             Requested size: 195.0pt x 418.15921pt.


File: images/DHBW_d_R_FN_46mm_4c.jpg Graphic file (type jpg)
<use images/DHBW_d_R_FN_46mm_4c.jpg>
Package pdftex.def Info: images/DHBW_d_R_FN_46mm_4c.jpg  used on input line 752.
(pdftex.def)             Requested size: 85.35826pt x 47.19005pt.

Overfull \hbox (20.10214pt too wide) has occurred while \output is active
 [][] 
 []

[27 <./images/Screenshot_20250113_094628_Bluetooth App.jpg>]

File: images/DHBW_d_R_FN_46mm_4c.jpg Graphic file (type jpg)
<use images/DHBW_d_R_FN_46mm_4c.jpg>
Package pdftex.def Info: images/DHBW_d_R_FN_46mm_4c.jpg  used on input line 768.
(pdftex.def)             Requested size: 85.35826pt x 47.19005pt.

Overfull \hbox (20.10214pt too wide) has occurred while \output is active
 [][] 
 []

[28]
<images/Screenshot_20250113_094600_Bluetooth App.jpg, id=430, 813.0375pt x 1743.51375pt>
File: images/Screenshot_20250113_094600_Bluetooth App.jpg Graphic file (type jpg)
<use images/Screenshot_20250113_094600_Bluetooth App.jpg>
Package pdftex.def Info: images/Screenshot_20250113_094600_Bluetooth App.jpg  used on input line 785.
(pdftex.def)             Requested size: 195.0pt x 418.15921pt.


File: images/DHBW_d_R_FN_46mm_4c.jpg Graphic file (type jpg)
<use images/DHBW_d_R_FN_46mm_4c.jpg>
Package pdftex.def Info: images/DHBW_d_R_FN_46mm_4c.jpg  used on input line 790.
(pdftex.def)             Requested size: 85.35826pt x 47.19005pt.

Overfull \hbox (20.10214pt too wide) has occurred while \output is active
 [][] 
 []

[29]

File: images/DHBW_d_R_FN_46mm_4c.jpg Graphic file (type jpg)
<use images/DHBW_d_R_FN_46mm_4c.jpg>
Package pdftex.def Info: images/DHBW_d_R_FN_46mm_4c.jpg  used on input line 795.
(pdftex.def)             Requested size: 85.35826pt x 47.19005pt.

Overfull \hbox (20.10214pt too wide) has occurred while \output is active
 [][] 
 []

[30 <./images/Screenshot_20250113_094600_Bluetooth App.jpg>]

File: images/DHBW_d_R_FN_46mm_4c.jpg Graphic file (type jpg)
<use images/DHBW_d_R_FN_46mm_4c.jpg>
Package pdftex.def Info: images/DHBW_d_R_FN_46mm_4c.jpg  used on input line 814.
(pdftex.def)             Requested size: 85.35826pt x 47.19005pt.

Overfull \hbox (20.10214pt too wide) has occurred while \output is active
 [][] 
 []

[31]

File: images/DHBW_d_R_FN_46mm_4c.jpg Graphic file (type jpg)
<use images/DHBW_d_R_FN_46mm_4c.jpg>
Package pdftex.def Info: images/DHBW_d_R_FN_46mm_4c.jpg  used on input line 831.
(pdftex.def)             Requested size: 85.35826pt x 47.19005pt.

Overfull \hbox (20.10214pt too wide) has occurred while \output is active
 [][] 
 []

[32]
Underfull \hbox (badness 2409) in paragraph at lines 838--841
\OT1/cmr/bx/n/14.4 ScannedDevicesActivity[[]10[]]: \OT1/cmr/m/n/14.4 Die von der MainAc-ti-vi-ty
 []


Underfull \hbox (badness 1629) in paragraph at lines 838--841
\OT1/cmr/m/n/14.4 Da-durch er-hal-ten Nut-zer*innen einen []Uberblick []uber al-le
 []



File: images/DHBW_d_R_FN_46mm_4c.jpg Graphic file (type jpg)
<use images/DHBW_d_R_FN_46mm_4c.jpg>
Package pdftex.def Info: images/DHBW_d_R_FN_46mm_4c.jpg  used on input line 850.
(pdftex.def)             Requested size: 85.35826pt x 47.19005pt.

Overfull \hbox (20.10214pt too wide) has occurred while \output is active
 [][] 
 []

[33]
<images/Screenshot_20250113_094607_Bluetooth App.jpg, id=514, 1084.05pt x 2324.685pt>
File: images/Screenshot_20250113_094607_Bluetooth App.jpg Graphic file (type jpg)
<use images/Screenshot_20250113_094607_Bluetooth App.jpg>
Package pdftex.def Info: images/Screenshot_20250113_094607_Bluetooth App.jpg  used on input line 865.
(pdftex.def)             Requested size: 195.0pt x 418.14148pt.


File: images/DHBW_d_R_FN_46mm_4c.jpg Graphic file (type jpg)
<use images/DHBW_d_R_FN_46mm_4c.jpg>
Package pdftex.def Info: images/DHBW_d_R_FN_46mm_4c.jpg  used on input line 870.
(pdftex.def)             Requested size: 85.35826pt x 47.19005pt.

Overfull \hbox (20.10214pt too wide) has occurred while \output is active
 [][] 
 []

[34]

File: images/DHBW_d_R_FN_46mm_4c.jpg Graphic file (type jpg)
<use images/DHBW_d_R_FN_46mm_4c.jpg>
Package pdftex.def Info: images/DHBW_d_R_FN_46mm_4c.jpg  used on input line 874.
(pdftex.def)             Requested size: 85.35826pt x 47.19005pt.

Overfull \hbox (20.10214pt too wide) has occurred while \output is active
 [][] 
 []

[35 <./images/Screenshot_20250113_094607_Bluetooth App.jpg>]
Underfull \hbox (badness 3291) in paragraph at lines 875--876
[]\OT1/cmr/bx/n/14.4 activity[]main.xml[[]10[]]: \OT1/cmr/m/n/14.4 Enth[]alt drei Schalt-fl[]achen f[]ur
 []


Underfull \hbox (badness 10000) in paragraph at lines 885--888
[]\OT1/cmr/bx/n/14.4 Bluetooth-Berechtigungen[[]10[]]: \OT1/cmr/m/n/14.4 Die App ben[]otigt
 []


Underfull \hbox (badness 10000) in paragraph at lines 885--888
\OT1/cmr/m/n/14.4 ver-schie-de-ne Be-rech-ti-gun-gen, um Blue-tooth zu ver-
 []


Underfull \hbox (badness 10000) in paragraph at lines 885--888
\OT1/cmr/m/n/14.4 wen-den. []Altere Android-Versionen (bis An-dro-id 11)
 []


Underfull \hbox (badness 2573) in paragraph at lines 885--888
\OT1/cmr/m/n/14.4 ben[]otigen et-wa an-dro-id.permission.BLUETOOTH und an-
 []


Underfull \hbox (badness 10000) in paragraph at lines 885--888
\OT1/cmr/m/n/14.4 dro-id.permission.BLUETOOTH[]ADMIN, w[]ahrend neue-
 []


Underfull \hbox (badness 3724) in paragraph at lines 885--888
\OT1/cmr/m/n/14.4 re Ver-sio-nen (ab An-dro-id 12, API-Level 31) zus[]atzlich
 []


Underfull \hbox (badness 10000) in paragraph at lines 885--888
\OT1/cmr/m/n/14.4 an-dro-id.permission.BLUETOOTH[]CONNECT und an-dro-
 []



File: images/DHBW_d_R_FN_46mm_4c.jpg Graphic file (type jpg)
<use images/DHBW_d_R_FN_46mm_4c.jpg>
Package pdftex.def Info: images/DHBW_d_R_FN_46mm_4c.jpg  used on input line 888.
(pdftex.def)             Requested size: 85.35826pt x 47.19005pt.

Overfull \hbox (20.10214pt too wide) has occurred while \output is active
 [][] 
 []

[36]

File: images/DHBW_d_R_FN_46mm_4c.jpg Graphic file (type jpg)
<use images/DHBW_d_R_FN_46mm_4c.jpg>
Package pdftex.def Info: images/DHBW_d_R_FN_46mm_4c.jpg  used on input line 903.
(pdftex.def)             Requested size: 85.35826pt x 47.19005pt.

Overfull \hbox (20.10214pt too wide) has occurred while \output is active
 [][] 
 []

[37]

File: images/DHBW_d_R_FN_46mm_4c.jpg Graphic file (type jpg)
<use images/DHBW_d_R_FN_46mm_4c.jpg>
Package pdftex.def Info: images/DHBW_d_R_FN_46mm_4c.jpg  used on input line 918.
(pdftex.def)             Requested size: 85.35826pt x 47.19005pt.

Overfull \hbox (20.10214pt too wide) has occurred while \output is active
 [][] 
 []

[38]

File: images/DHBW_d_R_FN_46mm_4c.jpg Graphic file (type jpg)
<use images/DHBW_d_R_FN_46mm_4c.jpg>
Package pdftex.def Info: images/DHBW_d_R_FN_46mm_4c.jpg  used on input line 936.
(pdftex.def)             Requested size: 85.35826pt x 47.19005pt.

Overfull \hbox (20.10214pt too wide) has occurred while \output is active
 [][] 
 []

[39]
<images/Screenshot_20250113_094506_Bluetooth App.jpg, id=602, 1084.05pt x 2324.685pt>
File: images/Screenshot_20250113_094506_Bluetooth App.jpg Graphic file (type jpg)
<use images/Screenshot_20250113_094506_Bluetooth App.jpg>
Package pdftex.def Info: images/Screenshot_20250113_094506_Bluetooth App.jpg  used on input line 950.
(pdftex.def)             Requested size: 195.0pt x 418.14148pt.


File: images/DHBW_d_R_FN_46mm_4c.jpg Graphic file (type jpg)
<use images/DHBW_d_R_FN_46mm_4c.jpg>
Package pdftex.def Info: images/DHBW_d_R_FN_46mm_4c.jpg  used on input line 955.
(pdftex.def)             Requested size: 85.35826pt x 47.19005pt.

Overfull \hbox (20.10214pt too wide) has occurred while \output is active
 [][] 
 []

[40]

File: images/DHBW_d_R_FN_46mm_4c.jpg Graphic file (type jpg)
<use images/DHBW_d_R_FN_46mm_4c.jpg>
Package pdftex.def Info: images/DHBW_d_R_FN_46mm_4c.jpg  used on input line 960.
(pdftex.def)             Requested size: 85.35826pt x 47.19005pt.

Overfull \hbox (20.10214pt too wide) has occurred while \output is active
 [][] 
 []

[41 <./images/Screenshot_20250113_094506_Bluetooth App.jpg>]

File: images/DHBW_d_R_FN_46mm_4c.jpg Graphic file (type jpg)
<use images/DHBW_d_R_FN_46mm_4c.jpg>
Package pdftex.def Info: images/DHBW_d_R_FN_46mm_4c.jpg  used on input line 962.
(pdftex.def)             Requested size: 85.35826pt x 47.19005pt.

Overfull \hbox (20.10214pt too wide) has occurred while \output is active
 [][] 
 []

[42]

File: images/DHBW_d_R_FN_46mm_4c.jpg Graphic file (type jpg)
<use images/DHBW_d_R_FN_46mm_4c.jpg>
Package pdftex.def Info: images/DHBW_d_R_FN_46mm_4c.jpg  used on input line 984.
(pdftex.def)             Requested size: 85.35826pt x 47.19005pt.

Overfull \hbox (20.10214pt too wide) has occurred while \output is active
 [][] 
 []

[43

]
Underfull \hbox (badness 2573) in paragraph at lines 991--995
[]\OT1/cmr/m/n/14.4 Das feh-len-de Sender-Modul stellt ei-ne er-heb-li-che Ein-
 []



File: images/DHBW_d_R_FN_46mm_4c.jpg Graphic file (type jpg)
<use images/DHBW_d_R_FN_46mm_4c.jpg>
Package pdftex.def Info: images/DHBW_d_R_FN_46mm_4c.jpg  used on input line 998.
(pdftex.def)             Requested size: 85.35826pt x 47.19005pt.

Overfull \hbox (20.10214pt too wide) has occurred while \output is active
 [][] 
 []

[44]

File: images/DHBW_d_R_FN_46mm_4c.jpg Graphic file (type jpg)
<use images/DHBW_d_R_FN_46mm_4c.jpg>
Package pdftex.def Info: images/DHBW_d_R_FN_46mm_4c.jpg  used on input line 1031.
(pdftex.def)             Requested size: 85.35826pt x 47.19005pt.

Overfull \hbox (20.10214pt too wide) has occurred while \output is active
 [][] 
 []

[45

]
Underfull \hbox (badness 10000) in paragraph at lines 1043--1048
[]\OT1/cmr/m/n/14.4 Ein wei-te-rer wich-ti-ger Schritt w[]are die platt-
 []


Underfull \hbox (badness 2181) in paragraph at lines 1043--1048
\OT1/cmr/m/n/14.4 form[]ubergreifende Ent-wick-lung, ins-be-son-de-re f[]ur iOS, um
 []



File: images/DHBW_d_R_FN_46mm_4c.jpg Graphic file (type jpg)
<use images/DHBW_d_R_FN_46mm_4c.jpg>
Package pdftex.def Info: images/DHBW_d_R_FN_46mm_4c.jpg  used on input line 1056.
(pdftex.def)             Requested size: 85.35826pt x 47.19005pt.

Overfull \hbox (20.10214pt too wide) has occurred while \output is active
 [][] 
 []

[46]

File: images/DHBW_d_R_FN_46mm_4c.jpg Graphic file (type jpg)
<use images/DHBW_d_R_FN_46mm_4c.jpg>
Package pdftex.def Info: images/DHBW_d_R_FN_46mm_4c.jpg  used on input line 1066.
(pdftex.def)             Requested size: 85.35826pt x 47.19005pt.

Overfull \hbox (20.10214pt too wide) has occurred while \output is active
 [][] 
 []

[47]

LaTeX Font Warning: Font shape `OT1/cmr/m/n' in size <13> not available
(Font)              size <12> substituted on input line 1074.


LaTeX Font Warning: Font shape `OT1/cmr/m/it' in size <13> not available
(Font)              size <12> substituted on input line 1074.


LaTeX Font Warning: Font shape `OT1/cmtt/m/n' in size <13> not available
(Font)              size <12> substituted on input line 1074.

LaTeX Font Info:    Calculating math sizes for size <13> on input line 1074.

LaTeX Font Warning: Font shape `OT1/cmr/m/n' in size <6.5> not available
(Font)              size <6> substituted on input line 1074.


LaTeX Font Warning: Font shape `OML/cmm/m/it' in size <13> not available
(Font)              size <12> substituted on input line 1074.


LaTeX Font Warning: Font shape `OML/cmm/m/it' in size <6.5> not available
(Font)              size <6> substituted on input line 1074.


LaTeX Font Warning: Font shape `OMS/cmsy/m/n' in size <13> not available
(Font)              size <12> substituted on input line 1074.


LaTeX Font Warning: Font shape `OMS/cmsy/m/n' in size <6.5> not available
(Font)              size <6> substituted on input line 1074.

LaTeX Font Info:    External font `cmex10' loaded for size
(Font)              <13> on input line 1074.
LaTeX Font Info:    External font `cmex10' loaded for size
(Font)              <9.09996> on input line 1074.
LaTeX Font Info:    External font `cmex10' loaded for size
(Font)              <6.5> on input line 1074.

Underfull \hbox (badness 10000) in paragraph at lines 1075--1075
[]\OT1/cmr/m/n/12 DSGVO-Gesetz.de. []  Datenschutz-Grundverordnung (DSGVO) -
 []



File: images/DHBW_d_R_FN_46mm_4c.jpg Graphic file (type jpg)
<use images/DHBW_d_R_FN_46mm_4c.jpg>
Package pdftex.def Info: images/DHBW_d_R_FN_46mm_4c.jpg  used on input line 1074.
(pdftex.def)             Requested size: 85.35826pt x 47.19005pt.

Overfull \hbox (20.10214pt too wide) has occurred while \output is active
 [][] 
 []

[48

]

File: images/DHBW_d_R_FN_46mm_4c.jpg Graphic file (type jpg)
<use images/DHBW_d_R_FN_46mm_4c.jpg>
Package pdftex.def Info: images/DHBW_d_R_FN_46mm_4c.jpg  used on input line 1077.
(pdftex.def)             Requested size: 85.35826pt x 47.19005pt.

Overfull \hbox (20.10214pt too wide) has occurred while \output is active
 [][] 
 []

[49] (main.aux)
 ***********
LaTeX2e <2024-11-01>
L3 programming layer <2024-11-02>
 ***********


LaTeX Font Warning: Size substitutions with differences
(Font)              up to 1.0pt have occurred.


LaTeX Warning: There were multiply-defined labels.

Package rerunfilecheck Info: File `main.out' has not changed.
(rerunfilecheck)             Checksum: 74EF1E486B8CDC32C21EAD62A30D47A7;3670.
Package logreq Info: Writing requests to 'main.run.xml'.
\openout1 = `main.run.xml'.

 ) 
Here is how much of TeX's memory you used:
 32032 strings out of 473682
 646184 string characters out of 5719692
 1605441 words of memory out of 5000000
 54453 multiletter control sequences out of 15000+600000
 566901 words of font info for 66 fonts, out of 8000000 for 9000
 1143 hyphenation exceptions out of 8191
 110i,26n,116p,748b,2815s stack positions out of 10000i,1000n,20000p,200000b,200000s
<C:/Users/User/AppData/Local/Programs/MiKTeX/fonts/type1/public/amsfonts/cm/cmbx12.pfb><C:/Users/User/AppData/Local/Programs/MiKTeX/fonts/type1/public/amsfonts/cm/cmr12.pfb><C:/Users/User/AppData/Local/Programs/MiKTeX/fonts/type1/public/amsfonts/cm/cmss12.pfb><C:/Users/User/AppData/Local/Programs/MiKTeX/fonts/type1/public/amsfonts/cm/cmssbx10.pfb><C:/Users/User/AppData/Local/Programs/MiKTeX/fonts/type1/public/amsfonts/cm/cmti12.pfb><C:/Users/User/AppData/Local/Programs/MiKTeX/fonts/type1/public/amsfonts/cm/cmtt10.pfb><C:/Users/User/AppData/Local/Programs/MiKTeX/fonts/type1/public/amsfonts/cm/cmtt12.pfb>
Output written on main.pdf (58 pages, 2613235 bytes).
PDF statistics:
 802 PDF objects out of 1000 (max. 8388607)
 309 named destinations out of 1000 (max. 500000)
 240 words of extra memory for PDF output out of 10000 (max. 10000000)

